
> fluxori-v2-backend@1.0.0 typecheck
> tsc --noEmit

src/modules/feedback/controllers/feedback.controller.ts(19,16): error TS1131: Property or signature expected.
src/modules/marketplaces/adapters/amazon/amazon.adapter.test.ts(8,36): error TS1005: ',' expected.
src/modules/marketplaces/adapters/amazon/amazon.adapter.test.ts(8,45): error TS1005: ',' expected.
src/modules/marketplaces/adapters/amazon/amazon.adapter.test.ts(8,51): error TS1109: Expression expected.
src/modules/marketplaces/adapters/amazon/amazon.adapter.test.ts(9,9): error TS1109: Expression expected.
src/modules/marketplaces/adapters/amazon/amazon.adapter.test.ts(10,1): error TS1128: Declaration or statement expected.
src/modules/marketplaces/adapters/amazon/restrictions/listings-restrictions.ts(514,1): error TS1128: Declaration or statement expected.
src/modules/marketplaces/adapters/amazon/schemas/amazon.generated.ts(34,66): error TS1002: Unterminated string literal.
src/modules/marketplaces/adapters/amazon/schemas/amazon.generated.ts(35,40): error TS1002: Unterminated string literal.
src/modules/marketplaces/adapters/amazon/schemas/amazon.generated.ts(58,43): error TS1011: An element access expression should take an argument.
src/modules/marketplaces/adapters/amazon/schemas/amazon.generated.ts(67,1): error TS1110: Type expected.
src/modules/marketplaces/adapters/amazon/schemas/amazon.generated.ts(68,7): error TS1109: Expression expected.
src/modules/marketplaces/adapters/amazon/schemas/amazon.generated.ts(68,158): error TS1002: Unterminated string literal.
src/modules/marketplaces/adapters/amazon/schemas/amazon.generated.ts(81,156): error TS1005: ';' expected.
src/modules/marketplaces/adapters/amazon/schemas/amazon.generated.ts(81,417): error TS1005: ';' expected.
src/modules/marketplaces/adapters/amazon/schemas/amazon.generated.ts(81,555): error TS1005: ';' expected.
src/modules/marketplaces/adapters/amazon/schemas/amazon.generated.ts(81,601): error TS1005: ';' expected.
src/modules/marketplaces/adapters/amazon/schemas/amazon.generated.ts(81,669): error TS1005: ';' expected.
src/modules/marketplaces/adapters/amazon/schemas/amazon.generated.ts(81,719): error TS1005: ';' expected.
src/modules/marketplaces/adapters/amazon/schemas/amazon.generated.ts(81,757): error TS1005: ';' expected.
src/modules/marketplaces/adapters/amazon/schemas/amazon.generated.ts(81,877): error TS1011: An element access expression should take an argument.
src/modules/marketplaces/adapters/amazon/schemas/amazon.generated.ts(84,81): error TS1002: Unterminated string literal.
src/modules/marketplaces/adapters/amazon/schemas/amazon.generated.ts(98,75): error TS1002: Unterminated string literal.
src/modules/marketplaces/adapters/amazon/schemas/amazon.generated.ts(106,54): error TS1002: Unterminated string literal.
src/modules/marketplaces/adapters/amazon/schemas/amazon.generated.ts(108,41): error TS1011: An element access expression should take an argument.
src/modules/marketplaces/adapters/amazon/schemas/amazon.generated.ts(121,232): error TS1002: Unterminated string literal.
src/modules/marketplaces/adapters/amazon/schemas/amazon.generated.ts(123,176): error TS1011: An element access expression should take an argument.
src/modules/marketplaces/adapters/amazon/schemas/amazon.generated.ts(131,76): error TS1005: ';' expected.
src/modules/marketplaces/adapters/amazon/schemas/amazon.generated.ts(131,625): error TS1005: ';' expected.
src/modules/marketplaces/adapters/amazon/schemas/amazon.generated.ts(131,807): error TS1002: Unterminated string literal.
src/modules/marketplaces/adapters/amazon/schemas/amazon.generated.ts(139,499): error TS1002: Unterminated string literal.
src/modules/marketplaces/adapters/amazon/schemas/amazon.generated.ts(147,124): error TS1002: Unterminated string literal.
src/modules/marketplaces/adapters/amazon/schemas/amazon.generated.ts(156,1): error TS1110: Type expected.
src/modules/marketplaces/adapters/amazon/schemas/amazon.generated.ts(157,7): error TS1109: Expression expected.
src/modules/marketplaces/adapters/amazon/schemas/amazon.generated.ts(157,153): error TS1002: Unterminated string literal.
src/modules/marketplaces/adapters/amazon/schemas/amazon.generated.ts(168,1): error TS1110: Type expected.
src/modules/marketplaces/adapters/amazon/schemas/amazon.generated.ts(169,7): error TS1109: Expression expected.
src/modules/marketplaces/adapters/amazon/schemas/amazon.generated.ts(169,548): error TS1002: Unterminated string literal.
src/modules/marketplaces/adapters/amazon/schemas/amazon.generated.ts(177,107): error TS1002: Unterminated string literal.
src/modules/marketplaces/adapters/amazon/schemas/amazon.generated.ts(185,101): error TS1002: Unterminated string literal.
src/modules/marketplaces/adapters/amazon/schemas/amazon.generated.ts(192,2): error TS1010: '*/' expected.
src/modules/marketplaces/adapters/common/base-marketplace-adapter.ts(51,23): error TS1131: Property or signature expected.
src/modules/marketplaces/adapters/common/base-marketplace-adapter.ts(209,26): error TS1131: Property or signature expected.
src/modules/marketplaces/adapters/common/base-marketplace-adapter.ts(210,11): error TS1005: '>' expected.
src/modules/marketplaces/adapters/common/base-marketplace-adapter.ts(210,19): error TS1005: '>' expected.
src/modules/marketplaces/adapters/common/base-marketplace-adapter.ts(210,40): error TS1005: ';' expected.
src/modules/marketplaces/adapters/common/base-marketplace-adapter.ts(210,50): error TS1068: Unexpected token. A constructor, method, accessor, or property was expected.
src/modules/marketplaces/adapters/common/base-marketplace-adapter.ts(210,51): error TS1109: Expression expected.
src/modules/marketplaces/adapters/common/base-marketplace-adapter.ts(211,3): error TS1128: Declaration or statement expected.
src/modules/marketplaces/adapters/common/base-marketplace-adapter.ts(211,4): error TS1109: Expression expected.
src/modules/marketplaces/adapters/common/base-marketplace-adapter.ts(211,6): error TS1109: Expression expected.
src/modules/marketplaces/adapters/common/base-marketplace-adapter.ts(216,3): error TS1434: Unexpected keyword or identifier.
src/modules/marketplaces/adapters/common/base-marketplace-adapter.ts(216,32): error TS1005: ',' expected.
src/modules/marketplaces/adapters/common/base-marketplace-adapter.ts(216,53): error TS1011: An element access expression should take an argument.
src/modules/marketplaces/adapters/common/base-marketplace-adapter.ts(216,55): error TS1005: ';' expected.
src/modules/marketplaces/adapters/common/base-marketplace-adapter.ts(217,24): error TS1011: An element access expression should take an argument.
src/modules/marketplaces/adapters/common/base-marketplace-adapter.ts(217,25): error TS1005: ',' expected.
src/modules/marketplaces/adapters/common/base-marketplace-adapter.ts(217,26): error TS1136: Property assignment expected.
src/modules/marketplaces/adapters/common/base-marketplace-adapter.ts(218,51): error TS1005: ',' expected.
src/modules/marketplaces/adapters/common/base-marketplace-adapter.ts(219,6): error TS1109: Expression expected.
src/modules/marketplaces/adapters/common/base-marketplace-adapter.ts(224,3): error TS1434: Unexpected keyword or identifier.
src/modules/marketplaces/adapters/common/base-marketplace-adapter.ts(224,32): error TS1005: ',' expected.
src/modules/marketplaces/adapters/common/base-marketplace-adapter.ts(224,54): error TS1011: An element access expression should take an argument.
src/modules/marketplaces/adapters/common/base-marketplace-adapter.ts(224,56): error TS1005: ';' expected.
src/modules/marketplaces/adapters/common/base-marketplace-adapter.ts(225,24): error TS1011: An element access expression should take an argument.
src/modules/marketplaces/adapters/common/base-marketplace-adapter.ts(225,25): error TS1005: ',' expected.
src/modules/marketplaces/adapters/common/base-marketplace-adapter.ts(225,26): error TS1136: Property assignment expected.
src/modules/marketplaces/adapters/common/base-marketplace-adapter.ts(226,51): error TS1005: ',' expected.
src/modules/marketplaces/adapters/common/base-marketplace-adapter.ts(227,6): error TS1109: Expression expected.
src/modules/marketplaces/adapters/common/base-marketplace-adapter.ts(232,3): error TS1434: Unexpected keyword or identifier.
src/modules/marketplaces/adapters/common/base-marketplace-adapter.ts(233,14): error TS1005: ',' expected.
src/modules/marketplaces/adapters/common/base-marketplace-adapter.ts(234,9): error TS1005: ',' expected.
src/modules/marketplaces/adapters/common/base-marketplace-adapter.ts(235,13): error TS1005: ',' expected.
src/modules/marketplaces/adapters/common/base-marketplace-adapter.ts(236,4): error TS1005: ';' expected.
src/modules/marketplaces/adapters/common/base-marketplace-adapter.ts(241,3): error TS1434: Unexpected keyword or identifier.
src/modules/marketplaces/adapters/common/base-marketplace-adapter.ts(241,27): error TS1005: ',' expected.
src/modules/marketplaces/adapters/common/base-marketplace-adapter.ts(241,36): error TS1005: ';' expected.
src/modules/marketplaces/adapters/common/base-marketplace-adapter.ts(246,3): error TS1434: Unexpected keyword or identifier.
src/modules/marketplaces/adapters/common/base-marketplace-adapter.ts(246,36): error TS1005: ',' expected.
src/modules/marketplaces/adapters/common/base-marketplace-adapter.ts(246,45): error TS1005: ';' expected.
src/modules/marketplaces/adapters/common/base-marketplace-adapter.ts(251,3): error TS1434: Unexpected keyword or identifier.
src/modules/marketplaces/adapters/common/base-marketplace-adapter.ts(252,12): error TS1005: ',' expected.
src/modules/marketplaces/adapters/common/base-marketplace-adapter.ts(253,11): error TS1005: ',' expected.
src/modules/marketplaces/adapters/common/base-marketplace-adapter.ts(254,18): error TS1109: Expression expected.
src/modules/marketplaces/adapters/common/base-marketplace-adapter.ts(255,22): error TS1005: ',' expected.
src/modules/marketplaces/adapters/common/base-marketplace-adapter.ts(255,23): error TS1136: Property assignment expected.
src/modules/marketplaces/adapters/common/base-marketplace-adapter.ts(256,29): error TS1005: ',' expected.
src/modules/marketplaces/adapters/common/base-marketplace-adapter.ts(257,25): error TS1005: ',' expected.
src/modules/marketplaces/adapters/common/base-marketplace-adapter.ts(259,4): error TS1005: ';' expected.
src/modules/marketplaces/adapters/common/base-marketplace-adapter.ts(264,3): error TS1434: Unexpected keyword or identifier.
src/modules/marketplaces/adapters/common/base-marketplace-adapter.ts(264,35): error TS1109: Expression expected.
src/modules/marketplaces/adapters/common/base-marketplace-adapter.ts(264,44): error TS1005: ';' expected.
src/modules/marketplaces/adapters/common/base-marketplace-adapter.ts(269,3): error TS1434: Unexpected keyword or identifier.
src/modules/marketplaces/adapters/common/base-marketplace-adapter.ts(269,44): error TS1005: ',' expected.
src/modules/marketplaces/adapters/common/base-marketplace-adapter.ts(269,53): error TS1005: ';' expected.
src/modules/marketplaces/adapters/common/base-marketplace-adapter.ts(270,15): error TS1005: ',' expected.
src/modules/marketplaces/adapters/common/base-marketplace-adapter.ts(270,16): error TS1136: Property assignment expected.
src/modules/marketplaces/adapters/common/base-marketplace-adapter.ts(271,17): error TS1005: ',' expected.
src/modules/marketplaces/adapters/common/base-marketplace-adapter.ts(272,22): error TS1005: ',' expected.
src/modules/marketplaces/adapters/common/base-marketplace-adapter.ts(272,23): error TS1136: Property assignment expected.
src/modules/marketplaces/adapters/common/base-marketplace-adapter.ts(273,17): error TS1005: ',' expected.
src/modules/marketplaces/adapters/common/base-marketplace-adapter.ts(274,21): error TS1011: An element access expression should take an argument.
src/modules/marketplaces/adapters/common/base-marketplace-adapter.ts(274,22): error TS1005: ',' expected.
src/modules/marketplaces/adapters/common/base-marketplace-adapter.ts(275,7): error TS1109: Expression expected.
src/modules/marketplaces/adapters/common/base-marketplace-adapter.ts(282,3): error TS1434: Unexpected keyword or identifier.
src/modules/marketplaces/adapters/common/base-marketplace-adapter.ts(282,31): error TS1005: ';' expected.
src/modules/marketplaces/adapters/common/base-marketplace-adapter.ts(283,12): error TS1005: ':' expected.
src/modules/marketplaces/adapters/common/base-marketplace-adapter.ts(283,33): error TS1005: ',' expected.
src/modules/marketplaces/adapters/common/base-marketplace-adapter.ts(290,3): error TS1434: Unexpected keyword or identifier.
src/modules/marketplaces/adapters/common/base-marketplace-adapter.ts(290,16): error TS1005: ';' expected.
src/modules/marketplaces/adapters/common/base-marketplace-adapter.ts(290,30): error TS1109: Expression expected.
src/modules/marketplaces/adapters/common/base-marketplace-adapter.ts(293,9): error TS1005: ':' expected.
src/modules/marketplaces/adapters/common/base-marketplace-adapter.ts(293,28): error TS1005: ',' expected.
src/modules/marketplaces/adapters/common/base-marketplace-adapter.ts(295,1): error TS1128: Declaration or statement expected.
src/modules/marketplaces/adapters/shopify/shopify-adapter.ts(711,26): error TS1131: Property or signature expected.
src/modules/marketplaces/adapters/shopify/shopify-adapter.ts(712,11): error TS1005: '>' expected.
src/modules/marketplaces/adapters/shopify/shopify-adapter.ts(712,19): error TS1005: '>' expected.
src/modules/marketplaces/adapters/shopify/shopify-adapter.ts(712,40): error TS1005: ';' expected.
src/modules/marketplaces/adapters/shopify/shopify-adapter.ts(712,50): error TS1068: Unexpected token. A constructor, method, accessor, or property was expected.
src/modules/marketplaces/adapters/shopify/shopify-adapter.ts(712,51): error TS1109: Expression expected.
src/modules/marketplaces/adapters/shopify/shopify-adapter.ts(713,3): error TS1128: Declaration or statement expected.
src/modules/marketplaces/adapters/shopify/shopify-adapter.ts(713,4): error TS1109: Expression expected.
src/modules/marketplaces/adapters/shopify/shopify-adapter.ts(714,9): error TS1005: ':' expected.
src/modules/marketplaces/adapters/shopify/shopify-adapter.ts(715,11): error TS1005: ':' expected.
src/modules/marketplaces/adapters/shopify/shopify-adapter.ts(715,31): error TS1005: ',' expected.
src/modules/marketplaces/adapters/shopify/shopify-adapter.ts(717,11): error TS1005: ':' expected.
src/modules/marketplaces/adapters/shopify/shopify-adapter.ts(719,9): error TS1005: ',' expected.
src/modules/marketplaces/adapters/shopify/shopify-adapter.ts(721,13): error TS1005: ':' expected.
src/modules/marketplaces/adapters/shopify/shopify-adapter.ts(721,23): error TS1005: ',' expected.
src/modules/marketplaces/adapters/shopify/shopify-adapter.ts(721,31): error TS1005: ',' expected.
src/modules/marketplaces/adapters/shopify/shopify-adapter.ts(721,32): error TS1109: Expression expected.
src/modules/marketplaces/adapters/shopify/shopify-adapter.ts(721,34): error TS1005: ':' expected.
src/modules/marketplaces/adapters/shopify/shopify-adapter.ts(721,38): error TS1005: ',' expected.
src/modules/marketplaces/adapters/shopify/shopify-adapter.ts(722,13): error TS1005: ':' expected.
src/modules/marketplaces/adapters/shopify/shopify-adapter.ts(722,19): error TS1005: ',' expected.
src/modules/marketplaces/adapters/shopify/shopify-adapter.ts(722,27): error TS1005: '>' expected.
src/modules/marketplaces/adapters/shopify/shopify-adapter.ts(722,58): error TS1005: ',' expected.
src/modules/marketplaces/adapters/shopify/shopify-adapter.ts(722,60): error TS1109: Expression expected.
src/modules/marketplaces/adapters/shopify/shopify-adapter.ts(722,63): error TS1109: Expression expected.
src/modules/marketplaces/adapters/shopify/shopify-adapter.ts(722,64): error TS1005: ':' expected.
src/modules/marketplaces/adapters/shopify/shopify-adapter.ts(725,12): error TS1359: Identifier expected. 'const' is a reserved word that cannot be used here.
src/modules/marketplaces/adapters/shopify/shopify-adapter.ts(725,18): error TS1005: ',' expected.
src/modules/marketplaces/adapters/shopify/shopify-adapter.ts(725,25): error TS1005: ',' expected.
src/modules/marketplaces/adapters/shopify/shopify-adapter.ts(725,28): error TS1005: ',' expected.
src/modules/marketplaces/adapters/shopify/shopify-adapter.ts(765,7): error TS1005: ',' expected.
src/modules/marketplaces/adapters/shopify/shopify-adapter.ts(765,14): error TS1005: ':' expected.
src/modules/marketplaces/adapters/shopify/shopify-adapter.ts(768,9): error TS1005: ',' expected.
src/modules/marketplaces/adapters/shopify/shopify-adapter.ts(769,7): error TS1005: ';' expected.
src/modules/marketplaces/adapters/shopify/shopify-adapter.ts(780,3): error TS1128: Declaration or statement expected.
src/modules/marketplaces/adapters/shopify/shopify-adapter.ts(786,3): error TS1434: Unexpected keyword or identifier.
src/modules/marketplaces/adapters/shopify/shopify-adapter.ts(786,29): error TS1005: ',' expected.
src/modules/marketplaces/adapters/shopify/shopify-adapter.ts(786,50): error TS1011: An element access expression should take an argument.
src/modules/marketplaces/adapters/shopify/shopify-adapter.ts(786,52): error TS1005: ';' expected.
src/modules/marketplaces/adapters/shopify/shopify-adapter.ts(787,24): error TS1011: An element access expression should take an argument.
src/modules/marketplaces/adapters/shopify/shopify-adapter.ts(787,25): error TS1005: ',' expected.
src/modules/marketplaces/adapters/shopify/shopify-adapter.ts(787,26): error TS1136: Property assignment expected.
src/modules/marketplaces/adapters/shopify/shopify-adapter.ts(788,51): error TS1005: ',' expected.
src/modules/marketplaces/adapters/shopify/shopify-adapter.ts(790,9): error TS1005: ':' expected.
src/modules/marketplaces/adapters/shopify/shopify-adapter.ts(791,11): error TS1005: ':' expected.
src/modules/marketplaces/adapters/shopify/shopify-adapter.ts(791,31): error TS1005: ',' expected.
src/modules/marketplaces/adapters/shopify/shopify-adapter.ts(793,11): error TS1005: ':' expected.
src/modules/marketplaces/adapters/shopify/shopify-adapter.ts(795,9): error TS1005: ',' expected.
src/modules/marketplaces/adapters/shopify/shopify-adapter.ts(797,13): error TS1005: ':' expected.
src/modules/marketplaces/adapters/shopify/shopify-adapter.ts(797,23): error TS1005: ',' expected.
src/modules/marketplaces/adapters/shopify/shopify-adapter.ts(797,31): error TS1005: ',' expected.
src/modules/marketplaces/adapters/shopify/shopify-adapter.ts(797,32): error TS1109: Expression expected.
src/modules/marketplaces/adapters/shopify/shopify-adapter.ts(797,34): error TS1005: ':' expected.
src/modules/marketplaces/adapters/shopify/shopify-adapter.ts(797,38): error TS1005: ',' expected.
src/modules/marketplaces/adapters/shopify/shopify-adapter.ts(798,13): error TS1005: ':' expected.
src/modules/marketplaces/adapters/shopify/shopify-adapter.ts(798,19): error TS1005: ',' expected.
src/modules/marketplaces/adapters/shopify/shopify-adapter.ts(798,27): error TS1005: '>' expected.
src/modules/marketplaces/adapters/shopify/shopify-adapter.ts(798,58): error TS1005: ',' expected.
src/modules/marketplaces/adapters/shopify/shopify-adapter.ts(798,60): error TS1109: Expression expected.
src/modules/marketplaces/adapters/shopify/shopify-adapter.ts(798,63): error TS1109: Expression expected.
src/modules/marketplaces/adapters/shopify/shopify-adapter.ts(798,64): error TS1005: ':' expected.
src/modules/marketplaces/adapters/shopify/shopify-adapter.ts(801,12): error TS1359: Identifier expected. 'const' is a reserved word that cannot be used here.
src/modules/marketplaces/adapters/shopify/shopify-adapter.ts(801,18): error TS1005: ',' expected.
src/modules/marketplaces/adapters/shopify/shopify-adapter.ts(801,25): error TS1005: ',' expected.
src/modules/marketplaces/adapters/shopify/shopify-adapter.ts(801,28): error TS1005: ',' expected.
src/modules/marketplaces/adapters/shopify/shopify-adapter.ts(839,7): error TS1005: ',' expected.
src/modules/marketplaces/adapters/shopify/shopify-adapter.ts(839,14): error TS1005: ':' expected.
src/modules/marketplaces/adapters/shopify/shopify-adapter.ts(842,9): error TS1005: ',' expected.
src/modules/marketplaces/adapters/shopify/shopify-adapter.ts(843,7): error TS1005: ';' expected.
src/modules/marketplaces/adapters/shopify/shopify-adapter.ts(854,3): error TS1128: Declaration or statement expected.
src/modules/marketplaces/adapters/shopify/shopify-adapter.ts(860,3): error TS1434: Unexpected keyword or identifier.
src/modules/marketplaces/adapters/shopify/shopify-adapter.ts(860,29): error TS1005: ',' expected.
src/modules/marketplaces/adapters/shopify/shopify-adapter.ts(860,51): error TS1011: An element access expression should take an argument.
src/modules/marketplaces/adapters/shopify/shopify-adapter.ts(860,53): error TS1005: ';' expected.
src/modules/marketplaces/adapters/shopify/shopify-adapter.ts(861,24): error TS1011: An element access expression should take an argument.
src/modules/marketplaces/adapters/shopify/shopify-adapter.ts(861,25): error TS1005: ',' expected.
src/modules/marketplaces/adapters/shopify/shopify-adapter.ts(861,26): error TS1136: Property assignment expected.
src/modules/marketplaces/adapters/shopify/shopify-adapter.ts(862,51): error TS1005: ',' expected.
src/modules/marketplaces/adapters/shopify/shopify-adapter.ts(864,9): error TS1005: ':' expected.
src/modules/marketplaces/adapters/shopify/shopify-adapter.ts(865,11): error TS1005: ':' expected.
src/modules/marketplaces/adapters/shopify/shopify-adapter.ts(865,31): error TS1005: ',' expected.
src/modules/marketplaces/adapters/shopify/shopify-adapter.ts(867,11): error TS1005: ':' expected.
src/modules/marketplaces/adapters/shopify/shopify-adapter.ts(869,9): error TS1005: ',' expected.
src/modules/marketplaces/adapters/shopify/shopify-adapter.ts(871,13): error TS1005: ':' expected.
src/modules/marketplaces/adapters/shopify/shopify-adapter.ts(871,23): error TS1005: ',' expected.
src/modules/marketplaces/adapters/shopify/shopify-adapter.ts(871,31): error TS1005: ',' expected.
src/modules/marketplaces/adapters/shopify/shopify-adapter.ts(871,32): error TS1109: Expression expected.
src/modules/marketplaces/adapters/shopify/shopify-adapter.ts(871,34): error TS1005: ':' expected.
src/modules/marketplaces/adapters/shopify/shopify-adapter.ts(871,38): error TS1005: ',' expected.
src/modules/marketplaces/adapters/shopify/shopify-adapter.ts(872,13): error TS1005: ':' expected.
src/modules/marketplaces/adapters/shopify/shopify-adapter.ts(872,19): error TS1005: ',' expected.
src/modules/marketplaces/adapters/shopify/shopify-adapter.ts(872,27): error TS1005: '>' expected.
src/modules/marketplaces/adapters/shopify/shopify-adapter.ts(872,58): error TS1005: ',' expected.
src/modules/marketplaces/adapters/shopify/shopify-adapter.ts(872,60): error TS1109: Expression expected.
src/modules/marketplaces/adapters/shopify/shopify-adapter.ts(872,63): error TS1109: Expression expected.
src/modules/marketplaces/adapters/shopify/shopify-adapter.ts(872,64): error TS1005: ':' expected.
src/modules/marketplaces/adapters/shopify/shopify-adapter.ts(875,12): error TS1359: Identifier expected. 'const' is a reserved word that cannot be used here.
src/modules/marketplaces/adapters/shopify/shopify-adapter.ts(875,18): error TS1005: ',' expected.
src/modules/marketplaces/adapters/shopify/shopify-adapter.ts(875,25): error TS1005: ',' expected.
src/modules/marketplaces/adapters/shopify/shopify-adapter.ts(875,28): error TS1005: ',' expected.
src/modules/marketplaces/adapters/shopify/shopify-adapter.ts(929,7): error TS1005: ',' expected.
src/modules/marketplaces/adapters/shopify/shopify-adapter.ts(929,14): error TS1005: ':' expected.
src/modules/marketplaces/adapters/shopify/shopify-adapter.ts(932,9): error TS1005: ',' expected.
src/modules/marketplaces/adapters/shopify/shopify-adapter.ts(933,7): error TS1005: ';' expected.
src/modules/marketplaces/adapters/shopify/shopify-adapter.ts(944,3): error TS1128: Declaration or statement expected.
src/modules/marketplaces/adapters/shopify/shopify-adapter.ts(952,3): error TS1434: Unexpected keyword or identifier.
src/modules/marketplaces/adapters/shopify/shopify-adapter.ts(953,14): error TS1005: ',' expected.
src/modules/marketplaces/adapters/shopify/shopify-adapter.ts(954,9): error TS1005: ',' expected.
src/modules/marketplaces/adapters/shopify/shopify-adapter.ts(955,13): error TS1005: ',' expected.
src/modules/marketplaces/adapters/shopify/shopify-adapter.ts(956,4): error TS1005: ';' expected.
src/modules/marketplaces/adapters/shopify/shopify-adapter.ts(957,9): error TS1005: ':' expected.
src/modules/marketplaces/adapters/shopify/shopify-adapter.ts(958,11): error TS1005: ':' expected.
src/modules/marketplaces/adapters/shopify/shopify-adapter.ts(958,31): error TS1005: ',' expected.
src/modules/marketplaces/adapters/shopify/shopify-adapter.ts(960,11): error TS1005: ':' expected.
src/modules/marketplaces/adapters/shopify/shopify-adapter.ts(964,9): error TS1005: ',' expected.
src/modules/marketplaces/adapters/shopify/shopify-adapter.ts(967,13): error TS1005: ':' expected.
src/modules/marketplaces/adapters/shopify/shopify-adapter.ts(967,19): error TS1005: ',' expected.
src/modules/marketplaces/adapters/shopify/shopify-adapter.ts(967,41): error TS1005: '(' expected.
src/modules/marketplaces/adapters/shopify/shopify-adapter.ts(967,43): error TS1136: Property assignment expected.
src/modules/marketplaces/adapters/shopify/shopify-adapter.ts(969,13): error TS1005: ';' expected.
src/modules/marketplaces/adapters/shopify/shopify-adapter.ts(970,23): error TS1005: ';' expected.
src/modules/marketplaces/adapters/shopify/shopify-adapter.ts(971,15): error TS1005: ';' expected.
src/modules/marketplaces/adapters/shopify/shopify-adapter.ts(1007,5): error TS1128: Declaration or statement expected.
src/modules/marketplaces/adapters/shopify/shopify-adapter.ts(1007,7): error TS1005: 'try' expected.
src/modules/marketplaces/adapters/shopify/shopify-adapter.ts(1027,3): error TS1128: Declaration or statement expected.
src/modules/marketplaces/adapters/shopify/shopify-adapter.ts(1033,3): error TS1434: Unexpected keyword or identifier.
src/modules/marketplaces/adapters/shopify/shopify-adapter.ts(1033,24): error TS1005: ',' expected.
src/modules/marketplaces/adapters/shopify/shopify-adapter.ts(1033,33): error TS1005: ';' expected.
src/modules/marketplaces/adapters/shopify/shopify-adapter.ts(1034,9): error TS1005: ':' expected.
src/modules/marketplaces/adapters/shopify/shopify-adapter.ts(1035,11): error TS1005: ':' expected.
src/modules/marketplaces/adapters/shopify/shopify-adapter.ts(1035,31): error TS1005: ',' expected.
src/modules/marketplaces/adapters/shopify/shopify-adapter.ts(1037,11): error TS1005: ':' expected.
src/modules/marketplaces/adapters/shopify/shopify-adapter.ts(1037,63): error TS1005: ',' expected.
src/modules/marketplaces/adapters/shopify/shopify-adapter.ts(1040,13): error TS1005: ':' expected.
src/modules/marketplaces/adapters/shopify/shopify-adapter.ts(1040,71): error TS1005: ',' expected.
src/modules/marketplaces/adapters/shopify/shopify-adapter.ts(1042,11): error TS1003: Identifier expected.
src/modules/marketplaces/adapters/shopify/shopify-adapter.ts(1042,20): error TS1005: ',' expected.
src/modules/marketplaces/adapters/shopify/shopify-adapter.ts(1042,31): error TS1005: ',' expected.
src/modules/marketplaces/adapters/shopify/shopify-adapter.ts(1042,33): error TS1136: Property assignment expected.
src/modules/marketplaces/adapters/shopify/shopify-adapter.ts(1054,5): error TS1128: Declaration or statement expected.
src/modules/marketplaces/adapters/shopify/shopify-adapter.ts(1054,7): error TS1005: 'try' expected.
src/modules/marketplaces/adapters/shopify/shopify-adapter.ts(1058,3): error TS1128: Declaration or statement expected.
src/modules/marketplaces/adapters/shopify/shopify-adapter.ts(1064,3): error TS1434: Unexpected keyword or identifier.
src/modules/marketplaces/adapters/shopify/shopify-adapter.ts(1064,33): error TS1005: ',' expected.
src/modules/marketplaces/adapters/shopify/shopify-adapter.ts(1064,42): error TS1005: ';' expected.
src/modules/marketplaces/adapters/shopify/shopify-adapter.ts(1065,9): error TS1005: ':' expected.
src/modules/marketplaces/adapters/shopify/shopify-adapter.ts(1066,11): error TS1005: ':' expected.
src/modules/marketplaces/adapters/shopify/shopify-adapter.ts(1066,31): error TS1005: ',' expected.
src/modules/marketplaces/adapters/shopify/shopify-adapter.ts(1068,11): error TS1005: ':' expected.
src/modules/marketplaces/adapters/shopify/shopify-adapter.ts(1068,68): error TS1005: ',' expected.
src/modules/marketplaces/adapters/shopify/shopify-adapter.ts(1072,13): error TS1005: ':' expected.
src/modules/marketplaces/adapters/shopify/shopify-adapter.ts(1078,9): error TS1005: ',' expected.
src/modules/marketplaces/adapters/shopify/shopify-adapter.ts(1080,11): error TS1003: Identifier expected.
src/modules/marketplaces/adapters/shopify/shopify-adapter.ts(1080,20): error TS1005: ',' expected.
src/modules/marketplaces/adapters/shopify/shopify-adapter.ts(1080,31): error TS1005: ',' expected.
src/modules/marketplaces/adapters/shopify/shopify-adapter.ts(1080,33): error TS1136: Property assignment expected.
src/modules/marketplaces/adapters/shopify/shopify-adapter.ts(1091,5): error TS1128: Declaration or statement expected.
src/modules/marketplaces/adapters/shopify/shopify-adapter.ts(1091,7): error TS1005: 'try' expected.
src/modules/marketplaces/adapters/shopify/shopify-adapter.ts(1095,3): error TS1128: Declaration or statement expected.
src/modules/marketplaces/adapters/shopify/shopify-adapter.ts(1103,3): error TS1434: Unexpected keyword or identifier.
src/modules/marketplaces/adapters/shopify/shopify-adapter.ts(1104,12): error TS1005: ',' expected.
src/modules/marketplaces/adapters/shopify/shopify-adapter.ts(1105,11): error TS1005: ',' expected.
src/modules/marketplaces/adapters/shopify/shopify-adapter.ts(1106,18): error TS1109: Expression expected.
src/modules/marketplaces/adapters/shopify/shopify-adapter.ts(1107,22): error TS1005: ',' expected.
src/modules/marketplaces/adapters/shopify/shopify-adapter.ts(1108,29): error TS1005: ',' expected.
src/modules/marketplaces/adapters/shopify/shopify-adapter.ts(1109,25): error TS1005: ',' expected.
src/modules/marketplaces/adapters/shopify/shopify-adapter.ts(1111,4): error TS1005: ';' expected.
src/modules/marketplaces/adapters/shopify/shopify-adapter.ts(1112,9): error TS1005: ':' expected.
src/modules/marketplaces/adapters/shopify/shopify-adapter.ts(1113,11): error TS1005: ':' expected.
src/modules/marketplaces/adapters/shopify/shopify-adapter.ts(1113,31): error TS1005: ',' expected.
src/modules/marketplaces/adapters/shopify/shopify-adapter.ts(1115,11): error TS1005: ':' expected.
src/modules/marketplaces/adapters/shopify/shopify-adapter.ts(1119,9): error TS1005: ',' expected.
src/modules/marketplaces/adapters/shopify/shopify-adapter.ts(1123,21): error TS1005: ',' expected.
src/modules/marketplaces/adapters/shopify/shopify-adapter.ts(1123,35): error TS1005: ',' expected.
src/modules/marketplaces/adapters/shopify/shopify-adapter.ts(1123,37): error TS1136: Property assignment expected.
src/modules/marketplaces/adapters/shopify/shopify-adapter.ts(1124,9): error TS1128: Declaration or statement expected.
src/modules/marketplaces/adapters/shopify/shopify-adapter.ts(1124,25): error TS1005: ';' expected.
src/modules/marketplaces/adapters/shopify/shopify-adapter.ts(1129,9): error TS1128: Declaration or statement expected.
src/modules/marketplaces/adapters/shopify/shopify-adapter.ts(1129,25): error TS1005: ';' expected.
src/modules/marketplaces/adapters/shopify/shopify-adapter.ts(1130,9): error TS1128: Declaration or statement expected.
src/modules/marketplaces/adapters/shopify/shopify-adapter.ts(1130,23): error TS1005: ';' expected.
src/modules/marketplaces/adapters/shopify/shopify-adapter.ts(1154,9): error TS1128: Declaration or statement expected.
src/modules/marketplaces/adapters/shopify/shopify-adapter.ts(1154,16): error TS1128: Declaration or statement expected.
src/modules/marketplaces/adapters/shopify/shopify-adapter.ts(1166,5): error TS1128: Declaration or statement expected.
src/modules/marketplaces/adapters/shopify/shopify-adapter.ts(1166,7): error TS1005: 'try' expected.
src/modules/marketplaces/adapters/shopify/shopify-adapter.ts(1170,3): error TS1128: Declaration or statement expected.
src/modules/marketplaces/adapters/shopify/shopify-adapter.ts(1176,3): error TS1434: Unexpected keyword or identifier.
src/modules/marketplaces/adapters/shopify/shopify-adapter.ts(1176,32): error TS1109: Expression expected.
src/modules/marketplaces/adapters/shopify/shopify-adapter.ts(1176,41): error TS1005: ';' expected.
src/modules/marketplaces/adapters/shopify/shopify-adapter.ts(1176,87): error TS1011: An element access expression should take an argument.
src/modules/marketplaces/adapters/shopify/shopify-adapter.ts(1177,9): error TS1005: ':' expected.
src/modules/marketplaces/adapters/shopify/shopify-adapter.ts(1178,11): error TS1005: ':' expected.
src/modules/marketplaces/adapters/shopify/shopify-adapter.ts(1178,31): error TS1005: ',' expected.
src/modules/marketplaces/adapters/shopify/shopify-adapter.ts(1180,11): error TS1005: ':' expected.
src/modules/marketplaces/adapters/shopify/shopify-adapter.ts(1180,82): error TS1005: ',' expected.
src/modules/marketplaces/adapters/shopify/shopify-adapter.ts(1183,13): error TS1005: ':' expected.
src/modules/marketplaces/adapters/shopify/shopify-adapter.ts(1183,77): error TS1005: ',' expected.
src/modules/marketplaces/adapters/shopify/shopify-adapter.ts(1185,13): error TS1005: ':' expected.
src/modules/marketplaces/adapters/shopify/shopify-adapter.ts(1185,82): error TS1005: ',' expected.
src/modules/marketplaces/adapters/shopify/shopify-adapter.ts(1188,13): error TS1005: ':' expected.
src/modules/marketplaces/adapters/shopify/shopify-adapter.ts(1188,23): error TS1005: ',' expected.
src/modules/marketplaces/adapters/shopify/shopify-adapter.ts(1188,44): error TS1005: ',' expected.
src/modules/marketplaces/adapters/shopify/shopify-adapter.ts(1188,45): error TS1109: Expression expected.
src/modules/marketplaces/adapters/shopify/shopify-adapter.ts(1188,47): error TS1005: ':' expected.
src/modules/marketplaces/adapters/shopify/shopify-adapter.ts(1197,10): error TS1005: ',' expected.
src/modules/marketplaces/adapters/shopify/shopify-adapter.ts(1199,14): error TS1005: ':' expected.
src/modules/marketplaces/adapters/shopify/shopify-adapter.ts(1199,50): error TS1005: ',' expected.
src/modules/marketplaces/adapters/shopify/shopify-adapter.ts(1200,7): error TS1005: ',' expected.
src/modules/marketplaces/adapters/shopify/shopify-adapter.ts(1210,3): error TS1434: Unexpected keyword or identifier.
src/modules/marketplaces/adapters/shopify/shopify-adapter.ts(1210,41): error TS1005: ',' expected.
src/modules/marketplaces/adapters/shopify/shopify-adapter.ts(1210,50): error TS1005: ';' expected.
src/modules/marketplaces/adapters/shopify/shopify-adapter.ts(1211,15): error TS1005: ',' expected.
src/modules/marketplaces/adapters/shopify/shopify-adapter.ts(1212,17): error TS1005: ',' expected.
src/modules/marketplaces/adapters/shopify/shopify-adapter.ts(1213,22): error TS1005: ',' expected.
src/modules/marketplaces/adapters/shopify/shopify-adapter.ts(1214,17): error TS1005: ',' expected.
src/modules/marketplaces/adapters/shopify/shopify-adapter.ts(1215,21): error TS1011: An element access expression should take an argument.
src/modules/marketplaces/adapters/shopify/shopify-adapter.ts(1215,22): error TS1005: ',' expected.
src/modules/marketplaces/adapters/shopify/shopify-adapter.ts(1217,9): error TS1005: ':' expected.
src/modules/marketplaces/adapters/shopify/shopify-adapter.ts(1218,11): error TS1005: ':' expected.
src/modules/marketplaces/adapters/shopify/shopify-adapter.ts(1218,31): error TS1005: ',' expected.
src/modules/marketplaces/adapters/shopify/shopify-adapter.ts(1220,11): error TS1005: ':' expected.
src/modules/marketplaces/adapters/shopify/shopify-adapter.ts(1220,79): error TS1005: ',' expected.
src/modules/marketplaces/adapters/shopify/shopify-adapter.ts(1225,13): error TS1005: ':' expected.
src/modules/marketplaces/adapters/shopify/shopify-adapter.ts(1256,8): error TS1005: ',' expected.
src/modules/marketplaces/adapters/shopify/shopify-adapter.ts(1258,14): error TS1005: ':' expected.
src/modules/marketplaces/adapters/shopify/shopify-adapter.ts(1258,50): error TS1005: ',' expected.
src/modules/marketplaces/adapters/shopify/shopify-adapter.ts(1259,7): error TS1005: ',' expected.
src/modules/marketplaces/adapters/shopify/shopify-adapter.ts(1268,3): error TS1434: Unexpected keyword or identifier.
src/modules/marketplaces/adapters/shopify/shopify-adapter.ts(1268,16): error TS1005: ';' expected.
src/modules/marketplaces/adapters/shopify/shopify-adapter.ts(1268,30): error TS1109: Expression expected.
src/modules/marketplaces/adapters/shopify/shopify-adapter.ts(1269,9): error TS1005: ':' expected.
src/modules/marketplaces/adapters/shopify/shopify-adapter.ts(1269,48): error TS1005: ',' expected.
src/modules/marketplaces/adapters/shopify/shopify-adapter.ts(1272,9): error TS1005: ':' expected.
src/modules/marketplaces/adapters/shopify/shopify-adapter.ts(1272,28): error TS1005: ',' expected.
src/modules/marketplaces/adapters/shopify/shopify-adapter.ts(1273,9): error TS1005: ':' expected.
src/modules/marketplaces/adapters/shopify/shopify-adapter.ts(1273,35): error TS1005: ',' expected.
src/modules/marketplaces/adapters/shopify/shopify-adapter.ts(1274,9): error TS1005: ':' expected.
src/modules/marketplaces/adapters/shopify/shopify-adapter.ts(1274,26): error TS1005: ',' expected.
src/modules/marketplaces/adapters/shopify/shopify-adapter.ts(1282,3): error TS1128: Declaration or statement expected.
src/modules/marketplaces/adapters/shopify/shopify-adapter.ts(1283,19): error TS1005: ',' expected.
src/modules/marketplaces/adapters/shopify/shopify-adapter.ts(1284,12): error TS1005: ',' expected.
src/modules/marketplaces/adapters/shopify/shopify-adapter.ts(1285,4): error TS1005: ';' expected.
src/modules/marketplaces/adapters/shopify/shopify-adapter.ts(1285,6): error TS1434: Unexpected keyword or identifier.
src/modules/marketplaces/adapters/shopify/shopify-adapter.ts(1335,3): error TS1128: Declaration or statement expected.
src/modules/marketplaces/adapters/shopify/shopify-adapter.ts(1335,49): error TS1005: ',' expected.
src/modules/marketplaces/adapters/shopify/shopify-adapter.ts(1335,64): error TS1005: ';' expected.
src/modules/marketplaces/adapters/shopify/shopify-adapter.ts(1335,66): error TS1434: Unexpected keyword or identifier.
src/modules/marketplaces/adapters/shopify/shopify-adapter.ts(1461,3): error TS1128: Declaration or statement expected.
src/modules/marketplaces/adapters/shopify/shopify-adapter.ts(1461,11): error TS1434: Unexpected keyword or identifier.
src/modules/marketplaces/adapters/shopify/shopify-adapter.ts(1461,39): error TS1005: ';' expected.
src/modules/marketplaces/adapters/shopify/shopify-adapter.ts(1462,9): error TS1005: ':' expected.
src/modules/marketplaces/adapters/shopify/shopify-adapter.ts(1464,13): error TS1005: ':' expected.
src/modules/marketplaces/adapters/shopify/shopify-adapter.ts(1464,68): error TS1005: ',' expected.
src/modules/marketplaces/adapters/shopify/shopify-adapter.ts(1465,13): error TS1005: ':' expected.
src/modules/marketplaces/adapters/shopify/shopify-adapter.ts(1465,48): error TS1005: ',' expected.
src/modules/marketplaces/adapters/shopify/shopify-adapter.ts(1468,13): error TS1005: ':' expected.
src/modules/marketplaces/adapters/shopify/shopify-adapter.ts(1468,80): error TS1005: ',' expected.
src/modules/marketplaces/adapters/shopify/shopify-adapter.ts(1475,7): error TS1005: ',' expected.
src/modules/marketplaces/adapters/shopify/shopify-adapter.ts(1475,20): error TS1005: ',' expected.
src/modules/marketplaces/adapters/shopify/shopify-adapter.ts(1475,31): error TS1005: ',' expected.
src/modules/marketplaces/adapters/shopify/shopify-adapter.ts(1475,33): error TS1136: Property assignment expected.
src/modules/marketplaces/adapters/shopify/shopify-adapter.ts(1480,5): error TS1128: Declaration or statement expected.
src/modules/marketplaces/adapters/shopify/shopify-adapter.ts(1480,7): error TS1005: 'try' expected.
src/modules/marketplaces/adapters/shopify/shopify-adapter.ts(1484,3): error TS1128: Declaration or statement expected.
src/modules/marketplaces/adapters/shopify/shopify-adapter.ts(1490,3): error TS1128: Declaration or statement expected.
src/modules/marketplaces/adapters/shopify/shopify-adapter.ts(1490,42): error TS1005: ',' expected.
src/modules/marketplaces/adapters/shopify/shopify-adapter.ts(1490,51): error TS1005: ';' expected.
src/modules/marketplaces/adapters/shopify/shopify-adapter.ts(1490,72): error TS1005: ';' expected.
src/modules/marketplaces/adapters/shopify/shopify-adapter.ts(1503,1): error TS1128: Declaration or statement expected.
src/modules/marketplaces/adapters/shopify/shopify.adapter.test.ts(23,27): error TS1005: ',' expected.
src/modules/marketplaces/adapters/shopify/shopify.adapter.test.ts(33,34): error TS1005: ',' expected.
src/modules/marketplaces/adapters/shopify/shopify.adapter.test.ts(39,47): error TS1005: ',' expected.
src/modules/marketplaces/adapters/shopify/shopify.adapter.test.ts(59,34): error TS1005: ',' expected.
src/modules/marketplaces/adapters/shopify/shopify.adapter.test.ts(64,39): error TS1005: ',' expected.
src/modules/marketplaces/adapters/shopify/shopify.adapter.test.ts(64,40): error TS1136: Property assignment expected.
src/modules/marketplaces/adapters/shopify/shopify.adapter.test.ts(69,27): error TS1005: ',' expected.
src/modules/marketplaces/adapters/shopify/shopify.adapter.test.ts(76,26): error TS1005: ',' expected.
src/modules/marketplaces/adapters/shopify/shopify.adapter.test.ts(80,21): error TS1005: ',' expected.
src/modules/marketplaces/adapters/shopify/shopify.adapter.test.ts(102,34): error TS1005: ',' expected.
src/modules/marketplaces/adapters/shopify/shopify.adapter.test.ts(147,34): error TS1005: ',' expected.
src/modules/marketplaces/adapters/shopify/shopify.adapter.test.ts(165,25): error TS1005: ',' expected.
src/modules/marketplaces/adapters/shopify/shopify.adapter.test.ts(165,26): error TS1136: Property assignment expected.
src/modules/marketplaces/adapters/shopify/shopify.adapter.test.ts(191,35): error TS1005: ',' expected.
src/modules/marketplaces/adapters/shopify/shopify.adapter.test.ts(195,20): error TS1005: ',' expected.
src/modules/marketplaces/adapters/shopify/types/shopify.types.ts(8,14): error TS1131: Property or signature expected.
src/modules/marketplaces/adapters/shopify/types/shopify.types.ts(10,21): error TS1131: Property or signature expected.
src/modules/marketplaces/adapters/shopify/types/shopify.types.ts(12,24): error TS1131: Property or signature expected.
src/modules/marketplaces/adapters/shopify/types/shopify.types.ts(14,22): error TS1131: Property or signature expected.
src/modules/marketplaces/adapters/shopify/types/shopify.types.ts(16,34): error TS1131: Property or signature expected.
src/modules/marketplaces/adapters/shopify/types/shopify.types.ts(18,27): error TS1131: Property or signature expected.
src/modules/marketplaces/adapters/shopify/types/shopify.types.ts(20,32): error TS1131: Property or signature expected.
src/modules/marketplaces/adapters/shopify/types/shopify.types.ts(22,28): error TS1131: Property or signature expected.
src/modules/marketplaces/adapters/shopify/types/shopify.types.ts(28,14): error TS1131: Property or signature expected.
src/modules/marketplaces/adapters/shopify/types/shopify.types.ts(30,17): error TS1131: Property or signature expected.
src/modules/marketplaces/adapters/shopify/types/shopify.types.ts(32,15): error TS1131: Property or signature expected.
src/modules/marketplaces/adapters/shopify/types/shopify.types.ts(34,28): error TS1131: Property or signature expected.
src/modules/marketplaces/adapters/shopify/types/shopify.types.ts(36,31): error TS1131: Property or signature expected.
src/modules/marketplaces/adapters/shopify/types/shopify.types.ts(38,26): error TS1131: Property or signature expected.
src/modules/marketplaces/adapters/shopify/types/shopify.types.ts(40,26): error TS1131: Property or signature expected.
src/modules/marketplaces/adapters/shopify/types/shopify.types.ts(42,22): error TS1131: Property or signature expected.
src/modules/marketplaces/adapters/shopify/types/shopify.types.ts(44,26): error TS1131: Property or signature expected.
src/modules/marketplaces/adapters/shopify/types/shopify.types.ts(46,27): error TS1131: Property or signature expected.
src/modules/marketplaces/adapters/shopify/types/shopify.types.ts(48,23): error TS1131: Property or signature expected.
src/modules/marketplaces/adapters/shopify/types/shopify.types.ts(50,30): error TS1131: Property or signature expected.
src/modules/marketplaces/adapters/shopify/types/shopify.types.ts(52,30): error TS1131: Property or signature expected.
src/modules/marketplaces/adapters/shopify/types/shopify.types.ts(57,14): error TS1131: Property or signature expected.
src/modules/marketplaces/adapters/shopify/types/shopify.types.ts(59,16): error TS1131: Property or signature expected.
src/modules/marketplaces/adapters/shopify/types/shopify.types.ts(65,14): error TS1131: Property or signature expected.
src/modules/marketplaces/adapters/shopify/types/shopify.types.ts(67,20): error TS1131: Property or signature expected.
src/modules/marketplaces/adapters/shopify/types/shopify.types.ts(69,22): error TS1131: Property or signature expected.
src/modules/marketplaces/adapters/shopify/types/shopify.types.ts(71,17): error TS1131: Property or signature expected.
src/modules/marketplaces/adapters/shopify/types/shopify.types.ts(73,15): error TS1131: Property or signature expected.
src/modules/marketplaces/adapters/shopify/types/shopify.types.ts(79,29): error TS1131: Property or signature expected.
src/modules/marketplaces/adapters/shopify/types/shopify.types.ts(81,21): error TS1131: Property or signature expected.
src/modules/marketplaces/adapters/shopify/types/shopify.types.ts(88,14): error TS1131: Property or signature expected.
src/modules/marketplaces/adapters/shopify/types/shopify.types.ts(90,25): error TS1131: Property or signature expected.
src/modules/marketplaces/adapters/shopify/types/shopify.types.ts(92,36): error TS1131: Property or signature expected.
src/modules/marketplaces/adapters/shopify/types/shopify.types.ts(94,31): error TS1131: Property or signature expected.
src/modules/marketplaces/adapters/shopify/types/shopify.types.ts(96,30): error TS1131: Property or signature expected.
src/modules/marketplaces/adapters/shopify/types/shopify.types.ts(98,47): error TS1131: Property or signature expected.
src/modules/marketplaces/adapters/shopify/types/shopify.types.ts(100,22): error TS1131: Property or signature expected.
src/modules/marketplaces/adapters/shopify/types/shopify.types.ts(102,22): error TS1131: Property or signature expected.
src/modules/marketplaces/adapters/shopify/types/shopify.types.ts(104,34): error TS1131: Property or signature expected.
src/modules/marketplaces/adapters/shopify/types/shopify.types.ts(106,31): error TS1131: Property or signature expected.
src/modules/marketplaces/adapters/shopify/types/shopify.types.ts(108,36): error TS1131: Property or signature expected.
src/modules/marketplaces/adapters/shopify/types/shopify.types.ts(110,55): error TS1131: Property or signature expected.
src/modules/marketplaces/adapters/shopify/types/shopify.types.ts(112,17): error TS1131: Property or signature expected.
src/modules/marketplaces/adapters/shopify/types/shopify.types.ts(114,28): error TS1131: Property or signature expected.
src/modules/marketplaces/adapters/shopify/types/shopify.types.ts(116,37): error TS1131: Property or signature expected.
src/modules/marketplaces/adapters/shopify/types/shopify.types.ts(118,31): error TS1131: Property or signature expected.
src/modules/marketplaces/adapters/shopify/types/shopify.types.ts(120,33): error TS1131: Property or signature expected.
src/modules/marketplaces/adapters/shopify/types/shopify.types.ts(122,16): error TS1131: Property or signature expected.
src/modules/marketplaces/adapters/shopify/types/shopify.types.ts(124,43): error TS1131: Property or signature expected.
src/modules/marketplaces/adapters/shopify/types/shopify.types.ts(126,24): error TS1131: Property or signature expected.
src/modules/marketplaces/adapters/shopify/types/shopify.types.ts(128,41): error TS1131: Property or signature expected.
src/modules/marketplaces/adapters/shopify/types/shopify.types.ts(130,35): error TS1131: Property or signature expected.
src/modules/marketplaces/adapters/shopify/types/shopify.types.ts(132,32): error TS1131: Property or signature expected.
src/modules/marketplaces/adapters/shopify/types/shopify.types.ts(134,29): error TS1131: Property or signature expected.
src/modules/marketplaces/adapters/shopify/types/shopify.types.ts(136,33): error TS1131: Property or signature expected.
src/modules/marketplaces/adapters/shopify/types/shopify.types.ts(138,43): error TS1131: Property or signature expected.
src/modules/marketplaces/adapters/shopify/types/shopify.types.ts(140,36): error TS1131: Property or signature expected.
src/modules/marketplaces/adapters/shopify/types/shopify.types.ts(142,29): error TS1131: Property or signature expected.
src/modules/marketplaces/adapters/shopify/types/shopify.types.ts(144,16): error TS1131: Property or signature expected.
src/modules/marketplaces/adapters/shopify/types/shopify.types.ts(146,27): error TS1131: Property or signature expected.
src/modules/marketplaces/adapters/shopify/types/shopify.types.ts(148,17): error TS1131: Property or signature expected.
src/modules/marketplaces/adapters/shopify/types/shopify.types.ts(150,34): error TS1131: Property or signature expected.
src/modules/marketplaces/adapters/shopify/types/shopify.types.ts(152,23): error TS1131: Property or signature expected.
src/modules/marketplaces/adapters/shopify/types/shopify.types.ts(154,33): error TS1131: Property or signature expected.
src/modules/marketplaces/adapters/shopify/types/shopify.types.ts(156,30): error TS1131: Property or signature expected.
src/modules/marketplaces/adapters/shopify/types/shopify.types.ts(158,22): error TS1131: Property or signature expected.
src/modules/marketplaces/adapters/shopify/types/shopify.types.ts(160,42): error TS1131: Property or signature expected.
src/modules/marketplaces/adapters/shopify/types/shopify.types.ts(165,34): error TS1131: Property or signature expected.
src/modules/marketplaces/adapters/shopify/types/shopify.types.ts(167,29): error TS1131: Property or signature expected.
src/modules/marketplaces/adapters/shopify/types/shopify.types.ts(169,31): error TS1131: Property or signature expected.
src/modules/marketplaces/adapters/shopify/types/shopify.types.ts(174,14): error TS1131: Property or signature expected.
src/modules/marketplaces/adapters/shopify/types/shopify.types.ts(176,30): error TS1131: Property or signature expected.
src/modules/marketplaces/adapters/shopify/types/shopify.types.ts(178,22): error TS1131: Property or signature expected.
src/modules/marketplaces/adapters/shopify/types/shopify.types.ts(180,21): error TS1131: Property or signature expected.
src/modules/marketplaces/adapters/shopify/types/shopify.types.ts(182,17): error TS1131: Property or signature expected.
src/modules/marketplaces/adapters/shopify/types/shopify.types.ts(184,32): error TS1131: Property or signature expected.
src/modules/marketplaces/adapters/shopify/types/shopify.types.ts(186,27): error TS1131: Property or signature expected.
src/modules/marketplaces/adapters/shopify/types/shopify.types.ts(188,23): error TS1131: Property or signature expected.
src/modules/marketplaces/adapters/shopify/types/shopify.types.ts(190,16): error TS1131: Property or signature expected.
src/modules/marketplaces/adapters/shopify/types/shopify.types.ts(192,20): error TS1131: Property or signature expected.
src/modules/marketplaces/adapters/shopify/types/shopify.types.ts(194,40): error TS1131: Property or signature expected.
src/modules/marketplaces/adapters/shopify/types/shopify.types.ts(196,25): error TS1131: Property or signature expected.
src/modules/marketplaces/adapters/shopify/types/shopify.types.ts(204,29): error TS1131: Property or signature expected.
src/modules/marketplaces/adapters/shopify/types/shopify.types.ts(206,26): error TS1131: Property or signature expected.
src/modules/marketplaces/adapters/shopify/types/shopify.types.ts(208,27): error TS1131: Property or signature expected.
src/modules/marketplaces/adapters/shopify/types/shopify.types.ts(210,27): error TS1131: Property or signature expected.
src/modules/marketplaces/adapters/shopify/types/shopify.types.ts(212,22): error TS1131: Property or signature expected.
src/modules/marketplaces/adapters/shopify/types/shopify.types.ts(214,23): error TS1131: Property or signature expected.
src/modules/marketplaces/adapters/shopify/types/shopify.types.ts(216,31): error TS1131: Property or signature expected.
src/modules/marketplaces/adapters/shopify/types/shopify.types.ts(222,16): error TS1131: Property or signature expected.
src/modules/marketplaces/adapters/shopify/types/shopify.types.ts(224,22): error TS1131: Property or signature expected.
src/modules/marketplaces/adapters/shopify/types/shopify.types.ts(226,28): error TS1131: Property or signature expected.
src/modules/marketplaces/adapters/shopify/types/shopify.types.ts(232,16): error TS1131: Property or signature expected.
src/modules/marketplaces/adapters/shopify/types/shopify.types.ts(238,14): error TS1131: Property or signature expected.
src/modules/marketplaces/adapters/shopify/types/shopify.types.ts(240,22): error TS1131: Property or signature expected.
src/modules/marketplaces/adapters/shopify/types/shopify.types.ts(242,16): error TS1131: Property or signature expected.
src/modules/marketplaces/adapters/shopify/types/shopify.types.ts(245,23): error TS1131: Property or signature expected.
src/modules/marketplaces/adapters/shopify/types/shopify.types.ts(248,19): error TS1131: Property or signature expected.
src/modules/marketplaces/adapters/shopify/types/shopify.types.ts(250,18): error TS1131: Property or signature expected.
src/modules/marketplaces/adapters/shopify/types/shopify.types.ts(252,34): error TS1131: Property or signature expected.
src/modules/marketplaces/adapters/shopify/types/shopify.types.ts(254,31): error TS1131: Property or signature expected.
src/modules/marketplaces/adapters/shopify/types/shopify.types.ts(256,22): error TS1131: Property or signature expected.
src/modules/marketplaces/adapters/shopify/types/shopify.types.ts(261,14): error TS1131: Property or signature expected.
src/modules/marketplaces/adapters/shopify/types/shopify.types.ts(263,32): error TS1131: Property or signature expected.
src/modules/marketplaces/adapters/shopify/types/shopify.types.ts(265,37): error TS1131: Property or signature expected.
src/modules/marketplaces/adapters/shopify/types/shopify.types.ts(267,17): error TS1131: Property or signature expected.
src/modules/marketplaces/adapters/shopify/types/shopify.types.ts(269,17): error TS1131: Property or signature expected.
src/modules/marketplaces/adapters/shopify/types/shopify.types.ts(271,27): error TS1131: Property or signature expected.
src/modules/marketplaces/adapters/shopify/types/shopify.types.ts(274,20): error TS1131: Property or signature expected.
src/modules/marketplaces/adapters/shopify/types/shopify.types.ts(276,15): error TS1131: Property or signature expected.
src/modules/marketplaces/adapters/shopify/types/shopify.types.ts(278,17): error TS1131: Property or signature expected.
src/modules/marketplaces/adapters/shopify/types/shopify.types.ts(280,27): error TS1131: Property or signature expected.
src/modules/marketplaces/adapters/shopify/types/shopify.types.ts(282,47): error TS1131: Property or signature expected.
src/modules/marketplaces/adapters/shopify/types/shopify.types.ts(284,31): error TS1131: Property or signature expected.
src/modules/marketplaces/adapters/shopify/types/shopify.types.ts(290,16): error TS1131: Property or signature expected.
src/modules/marketplaces/adapters/shopify/types/shopify.types.ts(295,34): error TS1131: Property or signature expected.
src/modules/marketplaces/adapters/shopify/types/shopify.types.ts(297,34): error TS1131: Property or signature expected.
src/modules/marketplaces/adapters/shopify/types/shopify.types.ts(299,31): error TS1131: Property or signature expected.
src/modules/marketplaces/adapters/shopify/types/shopify.types.ts(301,37): error TS1131: Property or signature expected.
src/modules/marketplaces/adapters/shopify/types/shopify.types.ts(307,14): error TS1131: Property or signature expected.
src/modules/marketplaces/adapters/shopify/types/shopify.types.ts(309,22): error TS1131: Property or signature expected.
src/modules/marketplaces/adapters/shopify/types/shopify.types.ts(311,20): error TS1131: Property or signature expected.
src/modules/marketplaces/adapters/shopify/types/shopify.types.ts(313,20): error TS1131: Property or signature expected.
src/modules/marketplaces/adapters/shopify/types/shopify.types.ts(315,19): error TS1131: Property or signature expected.
src/modules/marketplaces/adapters/shopify/types/shopify.types.ts(317,38): error TS1131: Property or signature expected.
src/modules/marketplaces/adapters/shopify/types/shopify.types.ts(323,14): error TS1131: Property or signature expected.
src/modules/marketplaces/adapters/shopify/types/shopify.types.ts(325,23): error TS1131: Property or signature expected.
src/modules/marketplaces/adapters/shopify/types/shopify.types.ts(327,24): error TS1131: Property or signature expected.
src/modules/marketplaces/adapters/shopify/types/shopify.types.ts(329,21): error TS1131: Property or signature expected.
src/modules/marketplaces/adapters/shopify/types/shopify.types.ts(334,14): error TS1131: Property or signature expected.
src/modules/marketplaces/adapters/shopify/types/shopify.types.ts(336,18): error TS1131: Property or signature expected.
src/modules/marketplaces/adapters/shopify/types/shopify.types.ts(338,22): error TS1131: Property or signature expected.
src/modules/marketplaces/adapters/shopify/types/shopify.types.ts(340,28): error TS1131: Property or signature expected.
src/modules/marketplaces/adapters/shopify/types/shopify.types.ts(342,19): error TS1131: Property or signature expected.
src/modules/marketplaces/adapters/shopify/types/shopify.types.ts(344,30): error TS1131: Property or signature expected.
src/modules/marketplaces/adapters/shopify/types/shopify.types.ts(346,20): error TS1131: Property or signature expected.
src/modules/marketplaces/adapters/shopify/types/shopify.types.ts(348,24): error TS1131: Property or signature expected.
src/modules/marketplaces/adapters/shopify/types/shopify.types.ts(350,23): error TS1131: Property or signature expected.
src/modules/marketplaces/adapters/shopify/types/shopify.types.ts(352,17): error TS1131: Property or signature expected.
src/modules/marketplaces/adapters/shopify/types/shopify.types.ts(357,14): error TS1131: Property or signature expected.
src/modules/marketplaces/adapters/shopify/types/shopify.types.ts(359,16): error TS1131: Property or signature expected.
src/modules/marketplaces/adapters/shopify/types/shopify.types.ts(361,28): error TS1131: Property or signature expected.
src/modules/marketplaces/adapters/shopify/types/shopify.types.ts(363,24): error TS1131: Property or signature expected.
src/modules/marketplaces/adapters/shopify/types/shopify.types.ts(365,18): error TS1131: Property or signature expected.
src/modules/marketplaces/adapters/shopify/types/shopify.types.ts(367,18): error TS1131: Property or signature expected.
src/modules/marketplaces/adapters/shopify/types/shopify.types.ts(369,20): error TS1131: Property or signature expected.
src/modules/marketplaces/adapters/shopify/types/shopify.types.ts(374,17): error TS1131: Property or signature expected.
src/modules/marketplaces/adapters/shopify/types/shopify.types.ts(382,18): error TS1131: Property or signature expected.
src/modules/marketplaces/adapters/shopify/types/shopify.types.ts(389,14): error TS1131: Property or signature expected.
src/modules/marketplaces/adapters/shopify/types/shopify.types.ts(391,27): error TS1131: Property or signature expected.
src/modules/marketplaces/adapters/shopify/types/shopify.types.ts(393,23): error TS1131: Property or signature expected.
src/modules/marketplaces/adapters/shopify/types/shopify.types.ts(395,27): error TS1131: Property or signature expected.
src/modules/marketplaces/adapters/shopify/types/shopify.types.ts(397,24): error TS1131: Property or signature expected.
src/modules/marketplaces/adapters/shopify/types/shopify.types.ts(399,22): error TS1131: Property or signature expected.
src/modules/marketplaces/adapters/shopify/types/shopify.types.ts(401,31): error TS1131: Property or signature expected.
src/modules/marketplaces/adapters/shopify/types/shopify.types.ts(403,19): error TS1131: Property or signature expected.
src/modules/marketplaces/adapters/shopify/types/shopify.types.ts(405,32): error TS1131: Property or signature expected.
src/modules/marketplaces/adapters/takealot/takealot-adapter.ts(465,26): error TS1131: Property or signature expected.
src/modules/marketplaces/adapters/takealot/takealot-adapter.ts(466,11): error TS1005: '>' expected.
src/modules/marketplaces/adapters/takealot/takealot-adapter.ts(466,19): error TS1005: '>' expected.
src/modules/marketplaces/adapters/takealot/takealot-adapter.ts(466,40): error TS1005: ';' expected.
src/modules/marketplaces/adapters/takealot/takealot-adapter.ts(466,50): error TS1068: Unexpected token. A constructor, method, accessor, or property was expected.
src/modules/marketplaces/adapters/takealot/takealot-adapter.ts(466,51): error TS1109: Expression expected.
src/modules/marketplaces/adapters/takealot/takealot-adapter.ts(467,3): error TS1128: Declaration or statement expected.
src/modules/marketplaces/adapters/takealot/takealot-adapter.ts(467,4): error TS1109: Expression expected.
src/modules/marketplaces/adapters/takealot/takealot-adapter.ts(468,9): error TS1005: ':' expected.
src/modules/marketplaces/adapters/takealot/takealot-adapter.ts(469,11): error TS1005: ':' expected.
src/modules/marketplaces/adapters/takealot/takealot-adapter.ts(469,31): error TS1005: ',' expected.
src/modules/marketplaces/adapters/takealot/takealot-adapter.ts(471,11): error TS1005: ':' expected.
src/modules/marketplaces/adapters/takealot/takealot-adapter.ts(473,9): error TS1005: ',' expected.
src/modules/marketplaces/adapters/takealot/takealot-adapter.ts(487,13): error TS1005: ':' expected.
src/modules/marketplaces/adapters/takealot/takealot-adapter.ts(487,23): error TS1005: ',' expected.
src/modules/marketplaces/adapters/takealot/takealot-adapter.ts(487,31): error TS1005: ',' expected.
src/modules/marketplaces/adapters/takealot/takealot-adapter.ts(487,32): error TS1109: Expression expected.
src/modules/marketplaces/adapters/takealot/takealot-adapter.ts(487,34): error TS1005: ':' expected.
src/modules/marketplaces/adapters/takealot/takealot-adapter.ts(487,38): error TS1005: ',' expected.
src/modules/marketplaces/adapters/takealot/takealot-adapter.ts(488,13): error TS1005: ':' expected.
src/modules/marketplaces/adapters/takealot/takealot-adapter.ts(488,19): error TS1005: ',' expected.
src/modules/marketplaces/adapters/takealot/takealot-adapter.ts(488,27): error TS1005: '>' expected.
src/modules/marketplaces/adapters/takealot/takealot-adapter.ts(488,48): error TS1005: ';' expected.
src/modules/marketplaces/adapters/takealot/takealot-adapter.ts(488,58): error TS1005: ',' expected.
src/modules/marketplaces/adapters/takealot/takealot-adapter.ts(488,60): error TS1109: Expression expected.
src/modules/marketplaces/adapters/takealot/takealot-adapter.ts(488,63): error TS1109: Expression expected.
src/modules/marketplaces/adapters/takealot/takealot-adapter.ts(488,64): error TS1005: ':' expected.
src/modules/marketplaces/adapters/takealot/takealot-adapter.ts(490,12): error TS1359: Identifier expected. 'const' is a reserved word that cannot be used here.
src/modules/marketplaces/adapters/takealot/takealot-adapter.ts(490,18): error TS1005: ',' expected.
src/modules/marketplaces/adapters/takealot/takealot-adapter.ts(490,25): error TS1005: ',' expected.
src/modules/marketplaces/adapters/takealot/takealot-adapter.ts(490,28): error TS1005: ',' expected.
src/modules/marketplaces/adapters/takealot/takealot-adapter.ts(502,7): error TS1005: ',' expected.
src/modules/marketplaces/adapters/takealot/takealot-adapter.ts(502,14): error TS1005: ':' expected.
src/modules/marketplaces/adapters/takealot/takealot-adapter.ts(505,9): error TS1005: ',' expected.
src/modules/marketplaces/adapters/takealot/takealot-adapter.ts(506,7): error TS1005: ';' expected.
src/modules/marketplaces/adapters/takealot/takealot-adapter.ts(517,3): error TS1128: Declaration or statement expected.
src/modules/marketplaces/adapters/takealot/takealot-adapter.ts(523,3): error TS1434: Unexpected keyword or identifier.
src/modules/marketplaces/adapters/takealot/takealot-adapter.ts(523,29): error TS1005: ',' expected.
src/modules/marketplaces/adapters/takealot/takealot-adapter.ts(523,50): error TS1011: An element access expression should take an argument.
src/modules/marketplaces/adapters/takealot/takealot-adapter.ts(523,52): error TS1005: ';' expected.
src/modules/marketplaces/adapters/takealot/takealot-adapter.ts(524,24): error TS1011: An element access expression should take an argument.
src/modules/marketplaces/adapters/takealot/takealot-adapter.ts(524,25): error TS1005: ',' expected.
src/modules/marketplaces/adapters/takealot/takealot-adapter.ts(524,26): error TS1136: Property assignment expected.
src/modules/marketplaces/adapters/takealot/takealot-adapter.ts(525,51): error TS1005: ',' expected.
src/modules/marketplaces/adapters/takealot/takealot-adapter.ts(527,9): error TS1005: ':' expected.
src/modules/marketplaces/adapters/takealot/takealot-adapter.ts(528,11): error TS1005: ':' expected.
src/modules/marketplaces/adapters/takealot/takealot-adapter.ts(528,31): error TS1005: ',' expected.
src/modules/marketplaces/adapters/takealot/takealot-adapter.ts(530,11): error TS1005: ':' expected.
src/modules/marketplaces/adapters/takealot/takealot-adapter.ts(532,9): error TS1005: ',' expected.
src/modules/marketplaces/adapters/takealot/takealot-adapter.ts(546,13): error TS1005: ':' expected.
src/modules/marketplaces/adapters/takealot/takealot-adapter.ts(546,23): error TS1005: ',' expected.
src/modules/marketplaces/adapters/takealot/takealot-adapter.ts(546,31): error TS1005: ',' expected.
src/modules/marketplaces/adapters/takealot/takealot-adapter.ts(546,32): error TS1109: Expression expected.
src/modules/marketplaces/adapters/takealot/takealot-adapter.ts(546,34): error TS1005: ':' expected.
src/modules/marketplaces/adapters/takealot/takealot-adapter.ts(546,38): error TS1005: ',' expected.
src/modules/marketplaces/adapters/takealot/takealot-adapter.ts(547,13): error TS1005: ':' expected.
src/modules/marketplaces/adapters/takealot/takealot-adapter.ts(547,19): error TS1005: ',' expected.
src/modules/marketplaces/adapters/takealot/takealot-adapter.ts(547,27): error TS1005: '>' expected.
src/modules/marketplaces/adapters/takealot/takealot-adapter.ts(547,48): error TS1005: ';' expected.
src/modules/marketplaces/adapters/takealot/takealot-adapter.ts(547,58): error TS1005: ',' expected.
src/modules/marketplaces/adapters/takealot/takealot-adapter.ts(547,60): error TS1109: Expression expected.
src/modules/marketplaces/adapters/takealot/takealot-adapter.ts(547,63): error TS1109: Expression expected.
src/modules/marketplaces/adapters/takealot/takealot-adapter.ts(547,64): error TS1005: ':' expected.
src/modules/marketplaces/adapters/takealot/takealot-adapter.ts(549,12): error TS1359: Identifier expected. 'const' is a reserved word that cannot be used here.
src/modules/marketplaces/adapters/takealot/takealot-adapter.ts(549,18): error TS1005: ',' expected.
src/modules/marketplaces/adapters/takealot/takealot-adapter.ts(549,25): error TS1005: ',' expected.
src/modules/marketplaces/adapters/takealot/takealot-adapter.ts(549,28): error TS1005: ',' expected.
src/modules/marketplaces/adapters/takealot/takealot-adapter.ts(561,7): error TS1005: ',' expected.
src/modules/marketplaces/adapters/takealot/takealot-adapter.ts(561,14): error TS1005: ':' expected.
src/modules/marketplaces/adapters/takealot/takealot-adapter.ts(564,9): error TS1005: ',' expected.
src/modules/marketplaces/adapters/takealot/takealot-adapter.ts(565,7): error TS1005: ';' expected.
src/modules/marketplaces/adapters/takealot/takealot-adapter.ts(576,3): error TS1128: Declaration or statement expected.
src/modules/marketplaces/adapters/takealot/takealot-adapter.ts(582,3): error TS1434: Unexpected keyword or identifier.
src/modules/marketplaces/adapters/takealot/takealot-adapter.ts(582,29): error TS1005: ',' expected.
src/modules/marketplaces/adapters/takealot/takealot-adapter.ts(582,51): error TS1011: An element access expression should take an argument.
src/modules/marketplaces/adapters/takealot/takealot-adapter.ts(582,53): error TS1005: ';' expected.
src/modules/marketplaces/adapters/takealot/takealot-adapter.ts(583,24): error TS1011: An element access expression should take an argument.
src/modules/marketplaces/adapters/takealot/takealot-adapter.ts(583,25): error TS1005: ',' expected.
src/modules/marketplaces/adapters/takealot/takealot-adapter.ts(583,26): error TS1136: Property assignment expected.
src/modules/marketplaces/adapters/takealot/takealot-adapter.ts(584,51): error TS1005: ',' expected.
src/modules/marketplaces/adapters/takealot/takealot-adapter.ts(586,9): error TS1005: ':' expected.
src/modules/marketplaces/adapters/takealot/takealot-adapter.ts(587,11): error TS1005: ':' expected.
src/modules/marketplaces/adapters/takealot/takealot-adapter.ts(587,31): error TS1005: ',' expected.
src/modules/marketplaces/adapters/takealot/takealot-adapter.ts(589,11): error TS1005: ':' expected.
src/modules/marketplaces/adapters/takealot/takealot-adapter.ts(591,9): error TS1005: ',' expected.
src/modules/marketplaces/adapters/takealot/takealot-adapter.ts(597,13): error TS1005: ':' expected.
src/modules/marketplaces/adapters/takealot/takealot-adapter.ts(608,8): error TS1005: ',' expected.
src/modules/marketplaces/adapters/takealot/takealot-adapter.ts(619,13): error TS1005: ':' expected.
src/modules/marketplaces/adapters/takealot/takealot-adapter.ts(619,23): error TS1005: ',' expected.
src/modules/marketplaces/adapters/takealot/takealot-adapter.ts(619,31): error TS1005: ',' expected.
src/modules/marketplaces/adapters/takealot/takealot-adapter.ts(619,32): error TS1109: Expression expected.
src/modules/marketplaces/adapters/takealot/takealot-adapter.ts(619,34): error TS1005: ':' expected.
src/modules/marketplaces/adapters/takealot/takealot-adapter.ts(619,38): error TS1005: ',' expected.
src/modules/marketplaces/adapters/takealot/takealot-adapter.ts(620,13): error TS1005: ':' expected.
src/modules/marketplaces/adapters/takealot/takealot-adapter.ts(620,19): error TS1005: ',' expected.
src/modules/marketplaces/adapters/takealot/takealot-adapter.ts(620,27): error TS1005: '>' expected.
src/modules/marketplaces/adapters/takealot/takealot-adapter.ts(620,48): error TS1005: ';' expected.
src/modules/marketplaces/adapters/takealot/takealot-adapter.ts(620,58): error TS1005: ',' expected.
src/modules/marketplaces/adapters/takealot/takealot-adapter.ts(620,60): error TS1109: Expression expected.
src/modules/marketplaces/adapters/takealot/takealot-adapter.ts(620,63): error TS1109: Expression expected.
src/modules/marketplaces/adapters/takealot/takealot-adapter.ts(620,64): error TS1005: ':' expected.
src/modules/marketplaces/adapters/takealot/takealot-adapter.ts(622,12): error TS1359: Identifier expected. 'const' is a reserved word that cannot be used here.
src/modules/marketplaces/adapters/takealot/takealot-adapter.ts(622,18): error TS1005: ',' expected.
src/modules/marketplaces/adapters/takealot/takealot-adapter.ts(622,25): error TS1005: ',' expected.
src/modules/marketplaces/adapters/takealot/takealot-adapter.ts(622,28): error TS1005: ',' expected.
src/modules/marketplaces/adapters/takealot/takealot-adapter.ts(634,7): error TS1005: ',' expected.
src/modules/marketplaces/adapters/takealot/takealot-adapter.ts(634,14): error TS1005: ':' expected.
src/modules/marketplaces/adapters/takealot/takealot-adapter.ts(637,9): error TS1005: ',' expected.
src/modules/marketplaces/adapters/takealot/takealot-adapter.ts(638,7): error TS1005: ';' expected.
src/modules/marketplaces/adapters/takealot/takealot-adapter.ts(649,3): error TS1128: Declaration or statement expected.
src/modules/marketplaces/adapters/takealot/takealot-adapter.ts(657,3): error TS1434: Unexpected keyword or identifier.
src/modules/marketplaces/adapters/takealot/takealot-adapter.ts(658,14): error TS1005: ',' expected.
src/modules/marketplaces/adapters/takealot/takealot-adapter.ts(659,9): error TS1005: ',' expected.
src/modules/marketplaces/adapters/takealot/takealot-adapter.ts(660,13): error TS1005: ',' expected.
src/modules/marketplaces/adapters/takealot/takealot-adapter.ts(661,4): error TS1005: ';' expected.
src/modules/marketplaces/adapters/takealot/takealot-adapter.ts(662,9): error TS1005: ':' expected.
src/modules/marketplaces/adapters/takealot/takealot-adapter.ts(663,11): error TS1005: ':' expected.
src/modules/marketplaces/adapters/takealot/takealot-adapter.ts(663,31): error TS1005: ',' expected.
src/modules/marketplaces/adapters/takealot/takealot-adapter.ts(665,11): error TS1005: ':' expected.
src/modules/marketplaces/adapters/takealot/takealot-adapter.ts(669,9): error TS1005: ',' expected.
src/modules/marketplaces/adapters/takealot/takealot-adapter.ts(686,13): error TS1005: ':' expected.
src/modules/marketplaces/adapters/takealot/takealot-adapter.ts(686,23): error TS1005: ',' expected.
src/modules/marketplaces/adapters/takealot/takealot-adapter.ts(686,41): error TS1005: ',' expected.
src/modules/marketplaces/adapters/takealot/takealot-adapter.ts(686,42): error TS1109: Expression expected.
src/modules/marketplaces/adapters/takealot/takealot-adapter.ts(686,44): error TS1005: ':' expected.
src/modules/marketplaces/adapters/takealot/takealot-adapter.ts(686,48): error TS1005: ',' expected.
src/modules/marketplaces/adapters/takealot/takealot-adapter.ts(687,13): error TS1005: ':' expected.
src/modules/marketplaces/adapters/takealot/takealot-adapter.ts(687,28): error TS1005: ',' expected.
src/modules/marketplaces/adapters/takealot/takealot-adapter.ts(689,16): error TS1005: ',' expected.
src/modules/marketplaces/adapters/takealot/takealot-adapter.ts(689,21): error TS1005: ',' expected.
src/modules/marketplaces/adapters/takealot/takealot-adapter.ts(689,25): error TS1005: ',' expected.
src/modules/marketplaces/adapters/takealot/takealot-adapter.ts(689,31): error TS1005: ',' expected.
src/modules/marketplaces/adapters/takealot/takealot-adapter.ts(689,75): error TS1005: ',' expected.
src/modules/marketplaces/adapters/takealot/takealot-adapter.ts(689,78): error TS1005: ',' expected.
src/modules/marketplaces/adapters/takealot/takealot-adapter.ts(689,80): error TS1005: ',' expected.
src/modules/marketplaces/adapters/takealot/takealot-adapter.ts(689,82): error TS1136: Property assignment expected.
src/modules/marketplaces/adapters/takealot/takealot-adapter.ts(765,5): error TS1128: Declaration or statement expected.
src/modules/marketplaces/adapters/takealot/takealot-adapter.ts(765,7): error TS1005: 'try' expected.
src/modules/marketplaces/adapters/takealot/takealot-adapter.ts(785,3): error TS1128: Declaration or statement expected.
src/modules/marketplaces/adapters/takealot/takealot-adapter.ts(791,3): error TS1434: Unexpected keyword or identifier.
src/modules/marketplaces/adapters/takealot/takealot-adapter.ts(791,24): error TS1005: ',' expected.
src/modules/marketplaces/adapters/takealot/takealot-adapter.ts(791,33): error TS1005: ';' expected.
src/modules/marketplaces/adapters/takealot/takealot-adapter.ts(792,9): error TS1005: ':' expected.
src/modules/marketplaces/adapters/takealot/takealot-adapter.ts(793,11): error TS1005: ':' expected.
src/modules/marketplaces/adapters/takealot/takealot-adapter.ts(793,31): error TS1005: ',' expected.
src/modules/marketplaces/adapters/takealot/takealot-adapter.ts(795,11): error TS1005: ':' expected.
src/modules/marketplaces/adapters/takealot/takealot-adapter.ts(795,64): error TS1005: ',' expected.
src/modules/marketplaces/adapters/takealot/takealot-adapter.ts(805,13): error TS1005: ':' expected.
src/modules/marketplaces/adapters/takealot/takealot-adapter.ts(807,13): error TS1005: ',' expected.
src/modules/marketplaces/adapters/takealot/takealot-adapter.ts(810,13): error TS1005: ':' expected.
src/modules/marketplaces/adapters/takealot/takealot-adapter.ts(810,22): error TS1005: ',' expected.
src/modules/marketplaces/adapters/takealot/takealot-adapter.ts(863,8): error TS1005: ',' expected.
src/modules/marketplaces/adapters/takealot/takealot-adapter.ts(865,14): error TS1005: ':' expected.
src/modules/marketplaces/adapters/takealot/takealot-adapter.ts(865,49): error TS1005: ',' expected.
src/modules/marketplaces/adapters/takealot/takealot-adapter.ts(866,7): error TS1005: ',' expected.
src/modules/marketplaces/adapters/takealot/takealot-adapter.ts(876,3): error TS1434: Unexpected keyword or identifier.
src/modules/marketplaces/adapters/takealot/takealot-adapter.ts(876,33): error TS1005: ',' expected.
src/modules/marketplaces/adapters/takealot/takealot-adapter.ts(876,42): error TS1005: ';' expected.
src/modules/marketplaces/adapters/takealot/takealot-adapter.ts(877,9): error TS1005: ':' expected.
src/modules/marketplaces/adapters/takealot/takealot-adapter.ts(878,11): error TS1005: ':' expected.
src/modules/marketplaces/adapters/takealot/takealot-adapter.ts(878,31): error TS1005: ',' expected.
src/modules/marketplaces/adapters/takealot/takealot-adapter.ts(880,11): error TS1005: ':' expected.
src/modules/marketplaces/adapters/takealot/takealot-adapter.ts(880,69): error TS1005: ',' expected.
src/modules/marketplaces/adapters/takealot/takealot-adapter.ts(888,14): error TS1005: ':' expected.
src/modules/marketplaces/adapters/takealot/takealot-adapter.ts(892,9): error TS1005: ',' expected.
src/modules/marketplaces/adapters/takealot/takealot-adapter.ts(893,7): error TS1005: ',' expected.
src/modules/marketplaces/adapters/takealot/takealot-adapter.ts(905,3): error TS1434: Unexpected keyword or identifier.
src/modules/marketplaces/adapters/takealot/takealot-adapter.ts(906,12): error TS1005: ',' expected.
src/modules/marketplaces/adapters/takealot/takealot-adapter.ts(907,11): error TS1005: ',' expected.
src/modules/marketplaces/adapters/takealot/takealot-adapter.ts(908,18): error TS1109: Expression expected.
src/modules/marketplaces/adapters/takealot/takealot-adapter.ts(909,22): error TS1005: ',' expected.
src/modules/marketplaces/adapters/takealot/takealot-adapter.ts(910,29): error TS1005: ',' expected.
src/modules/marketplaces/adapters/takealot/takealot-adapter.ts(911,25): error TS1005: ',' expected.
src/modules/marketplaces/adapters/takealot/takealot-adapter.ts(913,4): error TS1005: ';' expected.
src/modules/marketplaces/adapters/takealot/takealot-adapter.ts(914,9): error TS1005: ':' expected.
src/modules/marketplaces/adapters/takealot/takealot-adapter.ts(915,11): error TS1005: ':' expected.
src/modules/marketplaces/adapters/takealot/takealot-adapter.ts(915,31): error TS1005: ',' expected.
src/modules/marketplaces/adapters/takealot/takealot-adapter.ts(917,11): error TS1005: ':' expected.
src/modules/marketplaces/adapters/takealot/takealot-adapter.ts(921,9): error TS1005: ',' expected.
src/modules/marketplaces/adapters/takealot/takealot-adapter.ts(937,14): error TS1005: ':' expected.
src/modules/marketplaces/adapters/takealot/takealot-adapter.ts(937,51): error TS1005: ',' expected.
src/modules/marketplaces/adapters/takealot/takealot-adapter.ts(938,7): error TS1005: ',' expected.
src/modules/marketplaces/adapters/takealot/takealot-adapter.ts(948,3): error TS1434: Unexpected keyword or identifier.
src/modules/marketplaces/adapters/takealot/takealot-adapter.ts(948,32): error TS1109: Expression expected.
src/modules/marketplaces/adapters/takealot/takealot-adapter.ts(948,41): error TS1005: ';' expected.
src/modules/marketplaces/adapters/takealot/takealot-adapter.ts(948,87): error TS1011: An element access expression should take an argument.
src/modules/marketplaces/adapters/takealot/takealot-adapter.ts(949,9): error TS1005: ':' expected.
src/modules/marketplaces/adapters/takealot/takealot-adapter.ts(950,11): error TS1005: ':' expected.
src/modules/marketplaces/adapters/takealot/takealot-adapter.ts(950,31): error TS1005: ',' expected.
src/modules/marketplaces/adapters/takealot/takealot-adapter.ts(952,11): error TS1005: ':' expected.
src/modules/marketplaces/adapters/takealot/takealot-adapter.ts(952,69): error TS1005: ',' expected.
src/modules/marketplaces/adapters/takealot/takealot-adapter.ts(963,13): error TS1005: ':' expected.
src/modules/marketplaces/adapters/takealot/takealot-adapter.ts(963,27): error TS1005: ',' expected.
src/modules/marketplaces/adapters/takealot/takealot-adapter.ts(963,48): error TS1005: ',' expected.
src/modules/marketplaces/adapters/takealot/takealot-adapter.ts(963,49): error TS1109: Expression expected.
src/modules/marketplaces/adapters/takealot/takealot-adapter.ts(963,51): error TS1005: ':' expected.
src/modules/marketplaces/adapters/takealot/takealot-adapter.ts(998,8): error TS1005: ',' expected.
src/modules/marketplaces/adapters/takealot/takealot-adapter.ts(1001,13): error TS1005: ':' expected.
src/modules/marketplaces/adapters/takealot/takealot-adapter.ts(1003,54): error TS1005: ',' expected.
src/modules/marketplaces/adapters/takealot/takealot-adapter.ts(1005,14): error TS1005: ':' expected.
src/modules/marketplaces/adapters/takealot/takealot-adapter.ts(1005,58): error TS1005: ',' expected.
src/modules/marketplaces/adapters/takealot/takealot-adapter.ts(1006,7): error TS1005: ',' expected.
src/modules/marketplaces/adapters/takealot/takealot-adapter.ts(1016,3): error TS1434: Unexpected keyword or identifier.
src/modules/marketplaces/adapters/takealot/takealot-adapter.ts(1016,41): error TS1005: ',' expected.
src/modules/marketplaces/adapters/takealot/takealot-adapter.ts(1016,50): error TS1005: ';' expected.
src/modules/marketplaces/adapters/takealot/takealot-adapter.ts(1017,15): error TS1005: ',' expected.
src/modules/marketplaces/adapters/takealot/takealot-adapter.ts(1018,17): error TS1005: ',' expected.
src/modules/marketplaces/adapters/takealot/takealot-adapter.ts(1019,22): error TS1005: ',' expected.
src/modules/marketplaces/adapters/takealot/takealot-adapter.ts(1020,17): error TS1005: ',' expected.
src/modules/marketplaces/adapters/takealot/takealot-adapter.ts(1021,21): error TS1011: An element access expression should take an argument.
src/modules/marketplaces/adapters/takealot/takealot-adapter.ts(1021,22): error TS1005: ',' expected.
src/modules/marketplaces/adapters/takealot/takealot-adapter.ts(1023,9): error TS1005: ':' expected.
src/modules/marketplaces/adapters/takealot/takealot-adapter.ts(1024,11): error TS1005: ':' expected.
src/modules/marketplaces/adapters/takealot/takealot-adapter.ts(1024,31): error TS1005: ',' expected.
src/modules/marketplaces/adapters/takealot/takealot-adapter.ts(1026,11): error TS1005: ':' expected.
src/modules/marketplaces/adapters/takealot/takealot-adapter.ts(1026,80): error TS1005: ',' expected.
src/modules/marketplaces/adapters/takealot/takealot-adapter.ts(1036,22): error TS1005: ',' expected.
src/modules/marketplaces/adapters/takealot/takealot-adapter.ts(1036,32): error TS1005: ',' expected.
src/modules/marketplaces/adapters/takealot/takealot-adapter.ts(1036,34): error TS1136: Property assignment expected.
src/modules/marketplaces/adapters/takealot/takealot-adapter.ts(1067,9): error TS1128: Declaration or statement expected.
src/modules/marketplaces/adapters/takealot/takealot-adapter.ts(1070,5): error TS1128: Declaration or statement expected.
src/modules/marketplaces/adapters/takealot/takealot-adapter.ts(1070,7): error TS1005: 'try' expected.
src/modules/marketplaces/adapters/takealot/takealot-adapter.ts(1074,3): error TS1128: Declaration or statement expected.
src/modules/marketplaces/adapters/takealot/takealot-adapter.ts(1079,3): error TS1434: Unexpected keyword or identifier.
src/modules/marketplaces/adapters/takealot/takealot-adapter.ts(1079,31): error TS1005: ';' expected.
src/modules/marketplaces/adapters/takealot/takealot-adapter.ts(1080,9): error TS1005: ':' expected.
src/modules/marketplaces/adapters/takealot/takealot-adapter.ts(1081,11): error TS1005: ':' expected.
src/modules/marketplaces/adapters/takealot/takealot-adapter.ts(1081,31): error TS1005: ',' expected.
src/modules/marketplaces/adapters/takealot/takealot-adapter.ts(1086,14): error TS1005: ':' expected.
src/modules/marketplaces/adapters/takealot/takealot-adapter.ts(1086,35): error TS1005: ',' expected.
src/modules/marketplaces/adapters/takealot/takealot-adapter.ts(1087,7): error TS1005: ',' expected.
src/modules/marketplaces/adapters/takealot/takealot-adapter.ts(1100,3): error TS1434: Unexpected keyword or identifier.
src/modules/marketplaces/adapters/takealot/takealot-adapter.ts(1100,16): error TS1005: ';' expected.
src/modules/marketplaces/adapters/takealot/takealot-adapter.ts(1100,30): error TS1109: Expression expected.
src/modules/marketplaces/adapters/takealot/takealot-adapter.ts(1101,9): error TS1005: ':' expected.
src/modules/marketplaces/adapters/takealot/takealot-adapter.ts(1101,49): error TS1005: ',' expected.
src/modules/marketplaces/adapters/takealot/takealot-adapter.ts(1104,9): error TS1005: ':' expected.
src/modules/marketplaces/adapters/takealot/takealot-adapter.ts(1104,28): error TS1005: ',' expected.
src/modules/marketplaces/adapters/takealot/takealot-adapter.ts(1105,9): error TS1005: ':' expected.
src/modules/marketplaces/adapters/takealot/takealot-adapter.ts(1105,36): error TS1005: ',' expected.
src/modules/marketplaces/adapters/takealot/takealot-adapter.ts(1106,9): error TS1005: ':' expected.
src/modules/marketplaces/adapters/takealot/takealot-adapter.ts(1106,26): error TS1005: ',' expected.
src/modules/marketplaces/adapters/takealot/takealot-adapter.ts(1113,3): error TS1128: Declaration or statement expected.
src/modules/marketplaces/adapters/takealot/takealot-adapter.ts(1113,55): error TS1005: ',' expected.
src/modules/marketplaces/adapters/takealot/takealot-adapter.ts(1113,73): error TS1005: ';' expected.
src/modules/marketplaces/adapters/takealot/takealot-adapter.ts(1113,75): error TS1434: Unexpected keyword or identifier.
src/modules/marketplaces/adapters/takealot/takealot-adapter.ts(1162,3): error TS1128: Declaration or statement expected.
src/modules/marketplaces/adapters/takealot/takealot-adapter.ts(1162,45): error TS1109: Expression expected.
src/modules/marketplaces/adapters/takealot/takealot-adapter.ts(1162,68): error TS1005: ';' expected.
src/modules/marketplaces/adapters/takealot/takealot-adapter.ts(1163,9): error TS1003: Identifier expected.
src/modules/marketplaces/adapters/takealot/takealot-adapter.ts(1167,5): error TS1005: ',' expected.
src/modules/marketplaces/adapters/takealot/takealot-adapter.ts(1167,11): error TS1005: ':' expected.
src/modules/marketplaces/adapters/takealot/takealot-adapter.ts(1167,17): error TS1005: ',' expected.
src/modules/marketplaces/adapters/takealot/takealot-adapter.ts(1167,39): error TS1005: '(' expected.
src/modules/marketplaces/adapters/takealot/takealot-adapter.ts(1167,41): error TS1136: Property assignment expected.
src/modules/marketplaces/adapters/takealot/takealot-adapter.ts(1189,3): error TS1128: Declaration or statement expected.
src/modules/marketplaces/adapters/takealot/takealot-adapter.ts(1190,1): error TS1128: Declaration or statement expected.
src/modules/marketplaces/adapters/takealot/takealot-webhook-handler.ts(8,20): error TS1131: Property or signature expected.
src/modules/marketplaces/adapters/takealot/takealot-webhook-handler.ts(11,22): error TS1131: Property or signature expected.
src/modules/marketplaces/adapters/takealot/takealot-webhook-handler.ts(13,21): error TS1131: Property or signature expected.
src/modules/marketplaces/adapters/takealot/takealot-webhook-handler.ts(16,30): error TS1131: Property or signature expected.
src/modules/marketplaces/adapters/takealot/takealot-webhook-handler.ts(18,8): error TS1005: '>' expected.
src/modules/marketplaces/adapters/takealot/takealot-webhook-handler.ts(20,6): error TS1005: ';' expected.
src/modules/marketplaces/adapters/takealot/takealot-webhook-handler.ts(20,7): error TS1109: Expression expected.
src/modules/marketplaces/adapters/takealot/takealot-webhook-handler.ts(21,3): error TS1128: Declaration or statement expected.
src/modules/marketplaces/adapters/takealot/takealot-webhook-handler.ts(22,21): error TS1128: Declaration or statement expected.
src/modules/marketplaces/adapters/takealot/takealot-webhook-handler.ts(24,20): error TS1128: Declaration or statement expected.
src/modules/marketplaces/adapters/takealot/takealot-webhook-handler.ts(27,18): error TS1128: Declaration or statement expected.
src/modules/marketplaces/adapters/takealot/takealot-webhook-handler.ts(30,1): error TS1128: Declaration or statement expected.
src/modules/marketplaces/adapters/takealot/takealot-webhook-handler.ts(33,20): error TS1131: Property or signature expected.
src/modules/marketplaces/adapters/takealot/takealot-webhook-handler.ts(35,31): error TS1131: Property or signature expected.
src/modules/marketplaces/adapters/takealot/takealot-webhook-handler.ts(37,26): error TS1131: Property or signature expected.
src/modules/marketplaces/adapters/takealot/takealot-webhook-handler.ts(42,24): error TS1131: Property or signature expected.
src/modules/marketplaces/adapters/takealot/takealot-webhook-handler.ts(44,23): error TS1131: Property or signature expected.
src/modules/marketplaces/adapters/takealot/takealot-webhook-handler.ts(45,21): error TS1005: '>' expected.
src/modules/marketplaces/adapters/takealot/takealot-webhook-handler.ts(45,29): error TS1005: '>' expected.
src/modules/marketplaces/adapters/takealot/takealot-webhook-handler.ts(47,32): error TS1128: Declaration or statement expected.
src/modules/marketplaces/adapters/takealot/takealot-webhook-handler.ts(51,8): error TS1109: Expression expected.
src/modules/marketplaces/adapters/takealot/takealot-webhook-handler.ts(51,9): error TS1109: Expression expected.
src/modules/marketplaces/adapters/takealot/takealot-webhook-handler.ts(52,5): error TS1128: Declaration or statement expected.
src/modules/marketplaces/adapters/takealot/takealot-webhook-handler.ts(54,3): error TS1128: Declaration or statement expected.
src/modules/marketplaces/adapters/takealot/takealot-webhook-handler.ts(54,4): error TS1109: Expression expected.
src/modules/marketplaces/adapters/takealot/takealot-webhook-handler.ts(54,5): error TS1109: Expression expected.
src/modules/marketplaces/adapters/takealot/takealot-webhook-handler.ts(56,1): error TS1128: Declaration or statement expected.
src/modules/marketplaces/adapters/takealot/takealot-webhook-handler.ts(60,27): error TS1131: Property or signature expected.
src/modules/marketplaces/adapters/takealot/takealot-webhook-handler.ts(62,24): error TS1131: Property or signature expected.
src/modules/marketplaces/adapters/takealot/takealot-webhook-handler.ts(64,22): error TS1131: Property or signature expected.
src/modules/marketplaces/adapters/takealot/takealot-webhook-handler.ts(66,17): error TS1131: Property or signature expected.
src/modules/marketplaces/adapters/takealot/takealot-webhook-handler.ts(68,27): error TS1131: Property or signature expected.
src/modules/marketplaces/adapters/takealot/takealot-webhook-handler.ts(70,27): error TS1131: Property or signature expected.
src/modules/marketplaces/adapters/takealot/takealot-webhook-handler.ts(72,23): error TS1131: Property or signature expected.
src/modules/marketplaces/adapters/takealot/takealot-webhook-handler.ts(74,23): error TS1131: Property or signature expected.
src/modules/marketplaces/adapters/takealot/takealot-webhook-handler.ts(76,31): error TS1131: Property or signature expected.
src/modules/marketplaces/adapters/takealot/takealot-webhook-handler.ts(78,27): error TS1131: Property or signature expected.
src/modules/marketplaces/adapters/takealot/takealot-webhook-handler.ts(85,21): error TS1131: Property or signature expected.
src/modules/marketplaces/adapters/takealot/takealot-webhook-handler.ts(91,21): error TS1131: Property or signature expected.
src/modules/marketplaces/adapters/takealot/takealot-webhook-handler.ts(98,21): error TS1131: Property or signature expected.
src/modules/marketplaces/adapters/takealot/takealot-webhook-handler.ts(100,24): error TS1131: Property or signature expected.
src/modules/marketplaces/adapters/takealot/takealot-webhook-handler.ts(102,16): error TS1131: Property or signature expected.
src/modules/marketplaces/adapters/takealot/takealot-webhook-handler.ts(104,33): error TS1131: Property or signature expected.
src/modules/marketplaces/adapters/takealot/takealot-webhook-handler.ts(106,15): error TS1131: Property or signature expected.
src/modules/marketplaces/adapters/takealot/takealot-webhook-handler.ts(222,35): error TS1005: ')' expected.
src/modules/marketplaces/adapters/takealot/takealot-webhook-handler.ts(225,5): error TS1128: Declaration or statement expected.
src/modules/marketplaces/controllers/marketplace-product.controller.ts(12,16): error TS1131: Property or signature expected.
src/modules/marketplaces/controllers/marketplace-product.controller.ts(81,58): error TS1005: ')' expected.
src/modules/marketplaces/controllers/marketplace-product.controller.ts(91,7): error TS1128: Declaration or statement expected.
src/modules/marketplaces/examples/multi-adapter-usage.ts(49,64): error TS1005: ')' expected.
src/modules/marketplaces/examples/multi-adapter-usage.ts(57,5): error TS1128: Declaration or statement expected.
src/modules/marketplaces/examples/multi-adapter-usage.ts(62,62): error TS1005: ')' expected.
src/modules/marketplaces/examples/multi-adapter-usage.ts(71,5): error TS1128: Declaration or statement expected.
src/modules/marketplaces/examples/multi-adapter-usage.ts(76,63): error TS1005: ')' expected.
src/modules/marketplaces/examples/multi-adapter-usage.ts(85,5): error TS1128: Declaration or statement expected.
src/modules/marketplaces/services/marketplace-credentials.service.ts(109,15): error TS1109: Expression expected.
src/modules/marketplaces/services/marketplace-credentials.service.ts(112,5): error TS1128: Declaration or statement expected.
src/modules/marketplaces/services/marketplace-sync.service.ts(50,63): error TS1005: ')' expected.
src/modules/marketplaces/services/marketplace-sync.service.ts(53,7): error TS1128: Declaration or statement expected.
src/modules/marketplaces/services/marketplace-sync.service.ts(74,20): error TS1131: Property or signature expected.
src/modules/marketplaces/services/marketplace-sync.service.ts(77,22): error TS1131: Property or signature expected.
src/modules/marketplaces/services/marketplace-sync.service.ts(83,26): error TS1131: Property or signature expected.
src/modules/marketplaces/services/marketplace-sync.service.ts(84,11): error TS1005: '>' expected.
src/modules/marketplaces/services/marketplace-sync.service.ts(84,19): error TS1005: '>' expected.
src/modules/marketplaces/services/marketplace-sync.service.ts(84,60): error TS1068: Unexpected token. A constructor, method, accessor, or property was expected.
src/modules/marketplaces/services/marketplace-sync.service.ts(84,61): error TS1109: Expression expected.
src/modules/marketplaces/services/marketplace-sync.service.ts(85,3): error TS1128: Declaration or statement expected.
src/modules/marketplaces/services/marketplace-sync.service.ts(85,4): error TS1109: Expression expected.
src/modules/marketplaces/services/marketplace-sync.service.ts(86,11): error TS1005: ':' expected.
src/modules/marketplaces/services/marketplace-sync.service.ts(86,21): error TS1005: ',' expected.
src/modules/marketplaces/services/marketplace-sync.service.ts(86,29): error TS1005: ',' expected.
src/modules/marketplaces/services/marketplace-sync.service.ts(86,30): error TS1109: Expression expected.
src/modules/marketplaces/services/marketplace-sync.service.ts(86,32): error TS1005: ':' expected.
src/modules/marketplaces/services/marketplace-sync.service.ts(86,36): error TS1005: ',' expected.
src/modules/marketplaces/services/marketplace-sync.service.ts(87,11): error TS1005: ':' expected.
src/modules/marketplaces/services/marketplace-sync.service.ts(87,17): error TS1005: ',' expected.
src/modules/marketplaces/services/marketplace-sync.service.ts(87,25): error TS1005: '>' expected.
src/modules/marketplaces/services/marketplace-sync.service.ts(87,66): error TS1005: ',' expected.
src/modules/marketplaces/services/marketplace-sync.service.ts(87,68): error TS1109: Expression expected.
src/modules/marketplaces/services/marketplace-sync.service.ts(181,3): error TS1128: Declaration or statement expected.
src/modules/marketplaces/services/marketplace-sync.service.ts(188,3): error TS1128: Declaration or statement expected.
src/modules/marketplaces/services/marketplace-sync.service.ts(188,10): error TS1434: Unexpected keyword or identifier.
src/modules/marketplaces/services/marketplace-sync.service.ts(189,12): error TS1005: ',' expected.
src/modules/marketplaces/services/marketplace-sync.service.ts(190,20): error TS1109: Expression expected.
src/modules/marketplaces/services/marketplace-sync.service.ts(190,29): error TS1011: An element access expression should take an argument.
src/modules/marketplaces/services/marketplace-sync.service.ts(191,4): error TS1005: ';' expected.
src/modules/marketplaces/services/marketplace-sync.service.ts(192,65): error TS1005: ',' expected.
src/modules/marketplaces/services/marketplace-sync.service.ts(193,61): error TS1005: ',' expected.
src/modules/marketplaces/services/marketplace-sync.service.ts(195,11): error TS1005: ':' expected.
src/modules/marketplaces/services/marketplace-sync.service.ts(195,21): error TS1005: ',' expected.
src/modules/marketplaces/services/marketplace-sync.service.ts(195,29): error TS1005: '>' expected.
src/modules/marketplaces/services/marketplace-sync.service.ts(195,67): error TS1011: An element access expression should take an argument.
src/modules/marketplaces/services/marketplace-sync.service.ts(195,70): error TS1005: ',' expected.
src/modules/marketplaces/services/marketplace-sync.service.ts(195,72): error TS1109: Expression expected.
src/modules/marketplaces/services/marketplace-sync.service.ts(256,3): error TS1128: Declaration or statement expected.
src/modules/marketplaces/services/marketplace-sync.service.ts(263,3): error TS1128: Declaration or statement expected.
src/modules/marketplaces/services/marketplace-sync.service.ts(263,10): error TS1434: Unexpected keyword or identifier.
src/modules/marketplaces/services/marketplace-sync.service.ts(264,8): error TS1005: ',' expected.
src/modules/marketplaces/services/marketplace-sync.service.ts(265,18): error TS1005: ',' expected.
src/modules/marketplaces/services/marketplace-sync.service.ts(266,4): error TS1005: ';' expected.
src/modules/marketplaces/services/marketplace-sync.service.ts(267,11): error TS1005: ':' expected.
src/modules/marketplaces/services/marketplace-sync.service.ts(267,73): error TS1005: ',' expected.
src/modules/marketplaces/services/marketplace-sync.service.ts(269,9): error TS1003: Identifier expected.
src/modules/marketplaces/services/marketplace-sync.service.ts(273,5): error TS1005: ',' expected.
src/modules/marketplaces/services/marketplace-sync.service.ts(273,11): error TS1005: ':' expected.
src/modules/marketplaces/services/marketplace-sync.service.ts(273,54): error TS1005: ',' expected.
src/modules/marketplaces/services/marketplace-sync.service.ts(275,15): error TS1005: ',' expected.
src/modules/marketplaces/services/marketplace-sync.service.ts(275,38): error TS1005: ',' expected.
src/modules/marketplaces/services/marketplace-sync.service.ts(275,40): error TS1136: Property assignment expected.
src/modules/marketplaces/services/marketplace-sync.service.ts(280,3): error TS1128: Declaration or statement expected.
src/modules/marketplaces/services/marketplace-sync.service.ts(289,3): error TS1128: Declaration or statement expected.
src/modules/marketplaces/services/marketplace-sync.service.ts(289,10): error TS1434: Unexpected keyword or identifier.
src/modules/marketplaces/services/marketplace-sync.service.ts(290,18): error TS1005: ',' expected.
src/modules/marketplaces/services/marketplace-sync.service.ts(291,14): error TS1005: ',' expected.
src/modules/marketplaces/services/marketplace-sync.service.ts(292,9): error TS1005: ',' expected.
src/modules/marketplaces/services/marketplace-sync.service.ts(293,13): error TS1005: ',' expected.
src/modules/marketplaces/services/marketplace-sync.service.ts(294,5): error TS1005: ';' expected.
src/modules/marketplaces/services/marketplace-sync.service.ts(294,19): error TS1109: Expression expected.
src/modules/marketplaces/services/marketplace-sync.service.ts(295,11): error TS1005: ':' expected.
src/modules/marketplaces/services/marketplace-sync.service.ts(295,73): error TS1005: ',' expected.
src/modules/marketplaces/services/marketplace-sync.service.ts(297,9): error TS1003: Identifier expected.
src/modules/marketplaces/services/marketplace-sync.service.ts(302,5): error TS1005: ',' expected.
src/modules/marketplaces/services/marketplace-sync.service.ts(302,11): error TS1005: ':' expected.
src/modules/marketplaces/services/marketplace-sync.service.ts(302,33): error TS1005: ',' expected.
src/modules/marketplaces/services/marketplace-sync.service.ts(303,14): error TS1005: ',' expected.
src/modules/marketplaces/services/marketplace-sync.service.ts(303,55): error TS1005: ',' expected.
src/modules/marketplaces/services/marketplace-sync.service.ts(305,12): error TS1005: ':' expected.
src/modules/marketplaces/services/marketplace-sync.service.ts(305,62): error TS1005: ',' expected.
src/modules/marketplaces/services/marketplace-sync.service.ts(311,3): error TS1128: Declaration or statement expected.
src/modules/marketplaces/services/marketplace-sync.service.ts(311,10): error TS1434: Unexpected keyword or identifier.
src/modules/marketplaces/services/marketplace-sync.service.ts(311,40): error TS1005: ';' expected.
src/modules/marketplaces/services/marketplace-sync.service.ts(311,85): error TS1005: ',' expected.
src/modules/marketplaces/services/marketplace-sync.service.ts(312,11): error TS1005: ':' expected.
src/modules/marketplaces/services/marketplace-sync.service.ts(312,18): error TS1005: ',' expected.
src/modules/marketplaces/services/marketplace-sync.service.ts(312,35): error TS1005: '>' expected.
src/modules/marketplaces/services/marketplace-sync.service.ts(312,74): error TS1005: ',' expected.
src/modules/marketplaces/services/marketplace-sync.service.ts(312,76): error TS1109: Expression expected.
src/modules/marketplaces/services/marketplace-sync.service.ts(338,3): error TS1128: Declaration or statement expected.
src/modules/marketplaces/services/marketplace-sync.service.ts(343,3): error TS1128: Declaration or statement expected.
src/modules/marketplaces/services/marketplace-sync.service.ts(343,10): error TS1434: Unexpected keyword or identifier.
src/modules/marketplaces/services/marketplace-sync.service.ts(343,26): error TS1005: ';' expected.
src/modules/marketplaces/services/marketplace-sync.service.ts(343,40): error TS1109: Expression expected.
src/modules/marketplaces/services/marketplace-sync.service.ts(344,11): error TS1005: ':' expected.
src/modules/marketplaces/services/marketplace-sync.service.ts(344,30): error TS1005: ',' expected.
src/modules/marketplaces/services/marketplace-sync.service.ts(344,37): error TS1005: ',' expected.
src/modules/marketplaces/services/marketplace-sync.service.ts(344,111): error TS1005: ',' expected.
src/modules/marketplaces/services/marketplace-sync.service.ts(345,11): error TS1005: ',' expected.
src/modules/marketplaces/services/marketplace-sync.service.ts(345,23): error TS1005: '(' expected.
src/modules/marketplaces/services/marketplace-sync.service.ts(345,47): error TS1005: ',' expected.
src/modules/marketplaces/services/marketplace-sync.service.ts(346,9): error TS1005: ':' expected.
src/modules/marketplaces/services/marketplace-sync.service.ts(346,32): error TS1005: ',' expected.
src/modules/marketplaces/services/marketplace-sync.service.ts(348,1): error TS1128: Declaration or statement expected.
src/modules/marketplaces/services/product-push.service.test.ts(128,25): error TS1477: An instantiation expression cannot be followed by a property access.
src/modules/marketplaces/services/product-push.service.test.ts(130,25): error TS1477: An instantiation expression cannot be followed by a property access.
src/modules/marketplaces/services/product-push.service.test.ts(132,25): error TS1477: An instantiation expression cannot be followed by a property access.
src/modules/marketplaces/services/product-push.service.test.ts(328,23): error TS1477: An instantiation expression cannot be followed by a property access.
src/modules/marketplaces/services/product-push.service.test.ts(330,21): error TS1477: An instantiation expression cannot be followed by a property access.
src/modules/marketplaces/services/product-push.service.ts(59,22): error TS1131: Property or signature expected.
src/modules/marketplaces/services/product-push.service.ts(60,12): error TS1005: '>' expected.
src/modules/marketplaces/services/product-push.service.ts(66,4): error TS1109: Expression expected.
src/modules/marketplaces/services/product-push.service.ts(67,9): error TS1005: ':' expected.
src/modules/marketplaces/services/product-push.service.ts(69,13): error TS1005: ':' expected.
src/modules/marketplaces/services/product-push.service.ts(69,62): error TS1005: ',' expected.
src/modules/marketplaces/services/product-push.service.ts(70,11): error TS1003: Identifier expected.
src/modules/marketplaces/services/product-push.service.ts(78,7): error TS1005: ',' expected.
src/modules/marketplaces/services/product-push.service.ts(78,13): error TS1005: ':' expected.
src/modules/marketplaces/services/product-push.service.ts(78,95): error TS1005: ',' expected.
src/modules/marketplaces/services/product-push.service.ts(79,11): error TS1003: Identifier expected.
src/modules/marketplaces/services/product-push.service.ts(87,7): error TS1005: ',' expected.
src/modules/marketplaces/services/product-push.service.ts(87,13): error TS1005: ':' expected.
src/modules/marketplaces/services/product-push.service.ts(87,90): error TS1005: ',' expected.
src/modules/marketplaces/services/product-push.service.ts(90,13): error TS1005: ':' expected.
src/modules/marketplaces/services/product-push.service.ts(90,63): error TS1005: ')' expected.
src/modules/marketplaces/services/product-push.service.ts(93,7): error TS1005: ',' expected.
src/modules/marketplaces/services/product-push.service.ts(93,8): error TS1136: Property assignment expected.
src/modules/marketplaces/services/product-push.service.ts(96,13): error TS1005: ':' expected.
src/modules/marketplaces/services/product-push.service.ts(96,19): error TS1005: ',' expected.
src/modules/marketplaces/services/product-push.service.ts(96,21): error TS1136: Property assignment expected.
src/modules/marketplaces/services/product-push.service.ts(97,26): error TS1128: Declaration or statement expected.
src/modules/marketplaces/services/product-push.service.ts(100,17): error TS1109: Expression expected.
src/modules/marketplaces/services/product-push.service.ts(100,37): error TS1005: ',' expected.
src/modules/marketplaces/services/product-push.service.ts(101,17): error TS1109: Expression expected.
src/modules/marketplaces/services/product-push.service.ts(101,37): error TS1005: ',' expected.
src/modules/marketplaces/services/product-push.service.ts(102,18): error TS1109: Expression expected.
src/modules/marketplaces/services/product-push.service.ts(102,38): error TS1005: ',' expected.
src/modules/marketplaces/services/product-push.service.ts(104,9): error TS2809: Declaration or statement expected. This '=' follows a block of statements, so if you intended to write a destructuring assignment, you might need to wrap the whole assignment in parentheses.
src/modules/marketplaces/services/product-push.service.ts(106,16): error TS1005: ';' expected.
src/modules/marketplaces/services/product-push.service.ts(107,16): error TS1005: ';' expected.
src/modules/marketplaces/services/product-push.service.ts(243,5): error TS1128: Declaration or statement expected.
src/modules/marketplaces/services/product-push.service.ts(243,7): error TS1005: 'try' expected.
src/modules/marketplaces/services/product-push.service.ts(255,3): error TS1128: Declaration or statement expected.
src/modules/marketplaces/services/product-push.service.ts(263,3): error TS1128: Declaration or statement expected.
src/modules/marketplaces/services/product-push.service.ts(263,11): error TS1434: Unexpected keyword or identifier.
src/modules/marketplaces/services/product-push.service.ts(263,49): error TS1005: ',' expected.
src/modules/marketplaces/services/product-push.service.ts(263,72): error TS1005: ',' expected.
src/modules/marketplaces/services/product-push.service.ts(263,81): error TS1005: ';' expected.
src/modules/marketplaces/services/product-push.service.ts(266,22): error TS1005: ',' expected.
src/modules/marketplaces/services/product-push.service.ts(266,51): error TS1005: ',' expected.
src/modules/marketplaces/services/product-push.service.ts(266,53): error TS1136: Property assignment expected.
src/modules/marketplaces/services/product-push.service.ts(281,3): error TS1128: Declaration or statement expected.
src/modules/marketplaces/services/product-push.service.ts(292,3): error TS1128: Declaration or statement expected.
src/modules/marketplaces/services/product-push.service.ts(292,11): error TS1434: Unexpected keyword or identifier.
src/modules/marketplaces/services/product-push.service.ts(293,11): error TS1005: ',' expected.
src/modules/marketplaces/services/product-push.service.ts(294,14): error TS1005: ',' expected.
src/modules/marketplaces/services/product-push.service.ts(295,17): error TS1005: ',' expected.
src/modules/marketplaces/services/product-push.service.ts(296,18): error TS1005: ',' expected.
src/modules/marketplaces/services/product-push.service.ts(297,12): error TS1005: ',' expected.
src/modules/marketplaces/services/product-push.service.ts(298,12): error TS1005: ',' expected.
src/modules/marketplaces/services/product-push.service.ts(299,4): error TS1005: ';' expected.
src/modules/marketplaces/services/product-push.service.ts(299,18): error TS1109: Expression expected.
src/modules/marketplaces/services/product-push.service.ts(300,11): error TS1005: ',' expected.
src/modules/marketplaces/services/product-push.service.ts(300,26): error TS1005: ',' expected.
src/modules/marketplaces/services/product-push.service.ts(313,7): error TS1005: ',' expected.
src/modules/marketplaces/services/product-push.service.ts(315,1): error TS1128: Declaration or statement expected.
src/modules/marketplaces/utils/credential-manager.ts(45,42): error TS1005: ')' expected.
src/modules/marketplaces/utils/credential-manager.ts(49,5): error TS1128: Declaration or statement expected.
src/modules/marketplaces/utils/credential-manager.ts(49,7): error TS1434: Unexpected keyword or identifier.
src/modules/marketplaces/utils/credential-manager.ts(80,46): error TS1005: ')' expected.
src/modules/marketplaces/utils/credential-manager.ts(84,5): error TS1128: Declaration or statement expected.
src/modules/marketplaces/utils/credential-manager.ts(84,7): error TS1434: Unexpected keyword or identifier.
src/modules/marketplaces/utils/marketplace-error.utils.ts(79,26): error TS1131: Property or signature expected.
src/modules/marketplaces/utils/marketplace-error.utils.ts(80,16): error TS1005: '>' expected.
src/modules/marketplaces/utils/marketplace-error.utils.ts(80,25): error TS1005: ',' expected.
src/modules/marketplaces/utils/marketplace-error.utils.ts(81,25): error TS1005: ',' expected.
src/modules/marketplaces/utils/marketplace-error.utils.ts(81,26): error TS1138: Parameter declaration expected.
src/modules/marketplaces/utils/marketplace-error.utils.ts(82,35): error TS1005: ',' expected.
src/modules/marketplaces/utils/marketplace-error.utils.ts(83,25): error TS1005: ',' expected.
src/modules/marketplaces/utils/marketplace-error.utils.ts(84,5): error TS1138: Parameter declaration expected.
src/modules/marketplaces/utils/marketplace-error.utils.ts(84,6): error TS1109: Expression expected.
src/modules/marketplaces/utils/marketplace-error.utils.ts(84,7): error TS1109: Expression expected.
src/modules/marketplaces/utils/marketplace-error.utils.ts(85,19): error TS1109: Expression expected.
src/modules/marketplaces/utils/marketplace-error.utils.ts(86,3): error TS1128: Declaration or statement expected.
src/modules/marketplaces/utils/marketplace-error.utils.ts(103,3): error TS1128: Declaration or statement expected.
src/modules/marketplaces/utils/marketplace-error.utils.ts(104,18): error TS1005: ',' expected.
src/modules/marketplaces/utils/marketplace-error.utils.ts(107,13): error TS1109: Expression expected.
src/modules/marketplaces/utils/marketplace-error.utils.ts(108,19): error TS1109: Expression expected.
src/modules/marketplaces/utils/marketplace-error.utils.ts(109,4): error TS1005: ';' expected.
src/modules/marketplaces/utils/marketplace-error.utils.ts(109,6): error TS1434: Unexpected keyword or identifier.
src/modules/marketplaces/utils/marketplace-error.utils.ts(110,36): error TS1005: ')' expected.
src/modules/marketplaces/utils/marketplace-error.utils.ts(123,5): error TS1128: Declaration or statement expected.
src/modules/marketplaces/utils/marketplace-error.utils.ts(129,3): error TS1128: Declaration or statement expected.
src/modules/marketplaces/utils/marketplace-error.utils.ts(130,18): error TS1005: ',' expected.
src/modules/marketplaces/utils/marketplace-error.utils.ts(132,13): error TS1109: Expression expected.
src/modules/marketplaces/utils/marketplace-error.utils.ts(133,19): error TS1109: Expression expected.
src/modules/marketplaces/utils/marketplace-error.utils.ts(134,4): error TS1005: ';' expected.
src/modules/marketplaces/utils/marketplace-error.utils.ts(134,6): error TS1434: Unexpected keyword or identifier.
src/modules/marketplaces/utils/marketplace-error.utils.ts(135,36): error TS1005: ')' expected.
src/modules/marketplaces/utils/marketplace-error.utils.ts(147,5): error TS1128: Declaration or statement expected.
src/modules/marketplaces/utils/marketplace-error.utils.ts(153,3): error TS1128: Declaration or statement expected.
src/modules/marketplaces/utils/marketplace-error.utils.ts(154,18): error TS1005: ',' expected.
src/modules/marketplaces/utils/marketplace-error.utils.ts(156,13): error TS1109: Expression expected.
src/modules/marketplaces/utils/marketplace-error.utils.ts(157,19): error TS1109: Expression expected.
src/modules/marketplaces/utils/marketplace-error.utils.ts(158,4): error TS1005: ';' expected.
src/modules/marketplaces/utils/marketplace-error.utils.ts(158,6): error TS1434: Unexpected keyword or identifier.
src/modules/marketplaces/utils/marketplace-error.utils.ts(159,36): error TS1005: ')' expected.
src/modules/marketplaces/utils/marketplace-error.utils.ts(171,5): error TS1128: Declaration or statement expected.
src/modules/marketplaces/utils/marketplace-error.utils.ts(177,3): error TS1128: Declaration or statement expected.
src/modules/marketplaces/utils/marketplace-error.utils.ts(178,18): error TS1005: ',' expected.
src/modules/marketplaces/utils/marketplace-error.utils.ts(179,17): error TS1005: ',' expected.
src/modules/marketplaces/utils/marketplace-error.utils.ts(180,16): error TS1109: Expression expected.
src/modules/marketplaces/utils/marketplace-error.utils.ts(181,13): error TS1109: Expression expected.
src/modules/marketplaces/utils/marketplace-error.utils.ts(182,19): error TS1109: Expression expected.
src/modules/marketplaces/utils/marketplace-error.utils.ts(183,4): error TS1005: ';' expected.
src/modules/marketplaces/utils/marketplace-error.utils.ts(183,6): error TS1434: Unexpected keyword or identifier.
src/modules/marketplaces/utils/marketplace-error.utils.ts(188,36): error TS1005: ')' expected.
src/modules/marketplaces/utils/marketplace-error.utils.ts(203,5): error TS1128: Declaration or statement expected.
src/modules/marketplaces/utils/marketplace-error.utils.ts(209,3): error TS1128: Declaration or statement expected.
src/modules/marketplaces/utils/marketplace-error.utils.ts(210,18): error TS1005: ',' expected.
src/modules/marketplaces/utils/marketplace-error.utils.ts(212,12): error TS1109: Expression expected.
src/modules/marketplaces/utils/marketplace-error.utils.ts(213,13): error TS1109: Expression expected.
src/modules/marketplaces/utils/marketplace-error.utils.ts(214,19): error TS1109: Expression expected.
src/modules/marketplaces/utils/marketplace-error.utils.ts(215,4): error TS1005: ';' expected.
src/modules/marketplaces/utils/marketplace-error.utils.ts(215,6): error TS1434: Unexpected keyword or identifier.
src/modules/marketplaces/utils/marketplace-error.utils.ts(216,43): error TS1005: ')' expected.
src/modules/marketplaces/utils/marketplace-error.utils.ts(228,5): error TS1128: Declaration or statement expected.
src/modules/marketplaces/utils/marketplace-error.utils.ts(240,3): error TS1128: Declaration or statement expected.
src/modules/marketplaces/utils/marketplace-error.utils.ts(241,18): error TS1005: ',' expected.
src/modules/marketplaces/utils/marketplace-error.utils.ts(244,13): error TS1109: Expression expected.
src/modules/marketplaces/utils/marketplace-error.utils.ts(245,19): error TS1109: Expression expected.
src/modules/marketplaces/utils/marketplace-error.utils.ts(246,4): error TS1005: ';' expected.
src/modules/marketplaces/utils/marketplace-error.utils.ts(246,6): error TS1434: Unexpected keyword or identifier.
src/modules/marketplaces/utils/marketplace-error.utils.ts(247,36): error TS1005: ')' expected.
src/modules/marketplaces/utils/marketplace-error.utils.ts(260,5): error TS1128: Declaration or statement expected.
src/modules/marketplaces/utils/marketplace-error.utils.ts(266,3): error TS1128: Declaration or statement expected.
src/modules/marketplaces/utils/marketplace-error.utils.ts(267,18): error TS1005: ',' expected.
src/modules/marketplaces/utils/marketplace-error.utils.ts(269,13): error TS1109: Expression expected.
src/modules/marketplaces/utils/marketplace-error.utils.ts(270,19): error TS1109: Expression expected.
src/modules/marketplaces/utils/marketplace-error.utils.ts(271,4): error TS1005: ';' expected.
src/modules/marketplaces/utils/marketplace-error.utils.ts(271,6): error TS1434: Unexpected keyword or identifier.
src/modules/marketplaces/utils/marketplace-error.utils.ts(272,36): error TS1005: ')' expected.
src/modules/marketplaces/utils/marketplace-error.utils.ts(285,5): error TS1128: Declaration or statement expected.
src/modules/marketplaces/utils/marketplace-error.utils.ts(291,3): error TS1128: Declaration or statement expected.
src/modules/marketplaces/utils/marketplace-error.utils.ts(292,18): error TS1005: ',' expected.
src/modules/marketplaces/utils/marketplace-error.utils.ts(294,13): error TS1109: Expression expected.
src/modules/marketplaces/utils/marketplace-error.utils.ts(295,19): error TS1109: Expression expected.
src/modules/marketplaces/utils/marketplace-error.utils.ts(296,4): error TS1005: ';' expected.
src/modules/marketplaces/utils/marketplace-error.utils.ts(296,6): error TS1434: Unexpected keyword or identifier.
src/modules/marketplaces/utils/marketplace-error.utils.ts(297,36): error TS1005: ')' expected.
src/modules/marketplaces/utils/marketplace-error.utils.ts(310,5): error TS1128: Declaration or statement expected.
src/modules/marketplaces/utils/marketplace-error.utils.ts(316,3): error TS1128: Declaration or statement expected.
src/modules/marketplaces/utils/marketplace-error.utils.ts(317,18): error TS1005: ',' expected.
src/modules/marketplaces/utils/marketplace-error.utils.ts(320,13): error TS1109: Expression expected.
src/modules/marketplaces/utils/marketplace-error.utils.ts(321,19): error TS1109: Expression expected.
src/modules/marketplaces/utils/marketplace-error.utils.ts(322,4): error TS1005: ';' expected.
src/modules/marketplaces/utils/marketplace-error.utils.ts(322,6): error TS1434: Unexpected keyword or identifier.
src/modules/marketplaces/utils/marketplace-error.utils.ts(323,36): error TS1005: ')' expected.
src/modules/marketplaces/utils/marketplace-error.utils.ts(337,5): error TS1128: Declaration or statement expected.
src/modules/marketplaces/utils/marketplace-error.utils.ts(343,3): error TS1128: Declaration or statement expected.
src/modules/marketplaces/utils/marketplace-error.utils.ts(344,18): error TS1005: ',' expected.
src/modules/marketplaces/utils/marketplace-error.utils.ts(345,10): error TS1005: ',' expected.
src/modules/marketplaces/utils/marketplace-error.utils.ts(347,4): error TS1005: ';' expected.
src/modules/marketplaces/utils/marketplace-error.utils.ts(347,6): error TS1434: Unexpected keyword or identifier.
src/modules/marketplaces/utils/marketplace-error.utils.ts(362,46): error TS1005: ')' expected.
src/modules/marketplaces/utils/marketplace-error.utils.ts(372,9): error TS1128: Declaration or statement expected.
src/modules/marketplaces/utils/marketplace-error.utils.ts(378,57): error TS1005: ')' expected.
src/modules/marketplaces/utils/marketplace-error.utils.ts(387,11): error TS1128: Declaration or statement expected.
src/modules/marketplaces/utils/marketplace-error.utils.ts(390,51): error TS1005: ')' expected.
src/modules/marketplaces/utils/marketplace-error.utils.ts(399,9): error TS1128: Declaration or statement expected.
src/modules/marketplaces/utils/marketplace-error.utils.ts(405,45): error TS1005: ')' expected.
src/modules/marketplaces/utils/marketplace-error.utils.ts(415,9): error TS1128: Declaration or statement expected.
src/modules/marketplaces/utils/marketplace-error.utils.ts(421,47): error TS1005: ')' expected.
src/modules/marketplaces/utils/marketplace-error.utils.ts(431,9): error TS1128: Declaration or statement expected.
src/modules/marketplaces/utils/marketplace-error.utils.ts(436,44): error TS1005: ')' expected.
src/modules/marketplaces/utils/marketplace-error.utils.ts(445,9): error TS1128: Declaration or statement expected.
src/modules/marketplaces/utils/marketplace-error.utils.ts(450,44): error TS1005: ')' expected.
src/modules/marketplaces/utils/marketplace-error.utils.ts(458,9): error TS1128: Declaration or statement expected.
src/modules/marketplaces/utils/marketplace-error.utils.ts(463,48): error TS1005: ')' expected.
src/modules/marketplaces/utils/marketplace-error.utils.ts(473,9): error TS1128: Declaration or statement expected.
src/modules/marketplaces/utils/marketplace-error.utils.ts(477,38): error TS1005: ')' expected.
src/modules/marketplaces/utils/marketplace-error.utils.ts(492,7): error TS1128: Declaration or statement expected.
src/modules/marketplaces/utils/marketplace-error.utils.ts(497,38): error TS1005: ')' expected.
src/modules/marketplaces/utils/marketplace-error.utils.ts(512,7): error TS1128: Declaration or statement expected.
src/modules/marketplaces/utils/marketplace-error.utils.ts(516,36): error TS1005: ')' expected.
src/modules/marketplaces/utils/marketplace-error.utils.ts(527,5): error TS1128: Declaration or statement expected.
src/modules/marketplaces/utils/marketplace-error.utils.ts(529,1): error TS1128: Declaration or statement expected.
src/modules/notifications/controllers/notification.controller.ts(9,16): error TS1131: Property or signature expected.
src/modules/notifications/controllers/notification.controller.ts(41,81): error TS1005: ')' expected.
src/modules/notifications/controllers/notification.controller.ts(46,7): error TS1128: Declaration or statement expected.
src/modules/notifications/utils/websocket.ts(8,18): error TS1131: Property or signature expected.
src/modules/notifications/utils/websocket.ts(10,18): error TS1131: Property or signature expected.
src/modules/order-ingestion/mappers/shopify-order.mapper.ts(30,49): error TS1005: ')' expected.
src/modules/order-ingestion/mappers/shopify-order.mapper.ts(33,5): error TS1128: Declaration or statement expected.
src/modules/order-ingestion/mappers/takealot-order.mapper.ts(30,49): error TS1005: ')' expected.
src/modules/order-ingestion/mappers/takealot-order.mapper.ts(33,5): error TS1128: Declaration or statement expected.
src/modules/order-ingestion/tests/order-ingestion.test.ts(174,63): error TS1005: ')' expected.
src/modules/order-ingestion/tests/order-ingestion.test.ts(179,7): error TS1128: Declaration or statement expected.
src/modules/order-ingestion/tests/order-ingestion.test.ts(241,1): error TS1128: Declaration or statement expected.
src/modules/order-ingestion/tests/order-ingestion.test.ts(241,2): error TS1128: Declaration or statement expected.
src/modules/organizations/controllers/membership.controller.ts(16,16): error TS1131: Property or signature expected.
src/modules/organizations/controllers/membership.controller.ts(889,72): error TS1005: ')' expected.
src/modules/organizations/controllers/membership.controller.ts(898,7): error TS1128: Declaration or statement expected.
src/modules/organizations/controllers/membership.controller.ts(956,78): error TS1005: ')' expected.
src/modules/organizations/controllers/membership.controller.ts(964,7): error TS1128: Declaration or statement expected.
src/modules/organizations/controllers/membership.controller.ts(1000,90): error TS1005: ')' expected.
src/modules/organizations/controllers/membership.controller.ts(1002,7): error TS1128: Declaration or statement expected.
src/modules/organizations/controllers/membership.controller.ts(1022,84): error TS1005: ')' expected.
src/modules/organizations/controllers/membership.controller.ts(1024,7): error TS1128: Declaration or statement expected.
src/modules/organizations/controllers/membership.controller.ts(1066,86): error TS1005: ')' expected.
src/modules/organizations/controllers/membership.controller.ts(1068,7): error TS1128: Declaration or statement expected.
src/modules/organizations/controllers/membership.controller.ts(1257,83): error TS1005: ')' expected.
src/modules/organizations/controllers/membership.controller.ts(1263,7): error TS1128: Declaration or statement expected.
src/modules/organizations/controllers/membership.controller.ts(1306,78): error TS1005: ')' expected.
src/modules/organizations/controllers/membership.controller.ts(1312,7): error TS1128: Declaration or statement expected.
src/modules/organizations/controllers/membership.controller.ts(1346,81): error TS1005: ')' expected.
src/modules/organizations/controllers/membership.controller.ts(1352,7): error TS1128: Declaration or statement expected.
src/modules/organizations/controllers/membership.controller.ts(1395,82): error TS1005: ')' expected.
src/modules/organizations/controllers/membership.controller.ts(1401,7): error TS1128: Declaration or statement expected.
src/modules/organizations/controllers/membership.controller.ts(1435,85): error TS1005: ')' expected.
src/modules/organizations/controllers/membership.controller.ts(1441,7): error TS1128: Declaration or statement expected.
src/modules/organizations/controllers/membership.controller.ts(1464,98): error TS1005: ')' expected.
src/modules/organizations/controllers/membership.controller.ts(1466,7): error TS1128: Declaration or statement expected.
src/modules/organizations/controllers/organization.controller.ts(14,16): error TS1131: Property or signature expected.
src/modules/organizations/controllers/organization.controller.ts(140,75): error TS1005: ')' expected.
src/modules/organizations/controllers/organization.controller.ts(146,7): error TS1128: Declaration or statement expected.
src/modules/organizations/controllers/organization.controller.ts(200,91): error TS1005: ')' expected.
src/modules/organizations/controllers/organization.controller.ts(203,7): error TS1128: Declaration or statement expected.
src/modules/organizations/controllers/organization.controller.ts(266,78): error TS1005: ')' expected.
src/modules/organizations/controllers/organization.controller.ts(280,7): error TS1128: Declaration or statement expected.
src/modules/organizations/controllers/organization.controller.ts(333,81): error TS1005: ')' expected.
src/modules/organizations/controllers/organization.controller.ts(338,7): error TS1128: Declaration or statement expected.
src/modules/organizations/controllers/organization.controller.ts(375,78): error TS1005: ')' expected.
src/modules/organizations/controllers/organization.controller.ts(381,7): error TS1128: Declaration or statement expected.
src/modules/organizations/controllers/organization.controller.ts(481,78): error TS1005: ')' expected.
src/modules/organizations/controllers/organization.controller.ts(486,7): error TS1128: Declaration or statement expected.
src/modules/organizations/controllers/organization.controller.ts(598,83): error TS1005: ')' expected.
src/modules/organizations/controllers/organization.controller.ts(603,7): error TS1128: Declaration or statement expected.
src/modules/organizations/controllers/role.controller.ts(13,16): error TS1131: Property or signature expected.
src/modules/organizations/controllers/role.controller.ts(135,91): error TS1005: ')' expected.
src/modules/organizations/controllers/role.controller.ts(138,7): error TS1128: Declaration or statement expected.
src/modules/organizations/controllers/role.controller.ts(157,87): error TS1005: ')' expected.
src/modules/organizations/controllers/role.controller.ts(160,7): error TS1128: Declaration or statement expected.
src/modules/organizations/controllers/role.controller.ts(203,54): error TS1005: ')' expected.
src/modules/organizations/controllers/role.controller.ts(210,7): error TS1128: Declaration or statement expected.
src/modules/organizations/controllers/role.controller.ts(329,61): error TS1005: ')' expected.
src/modules/organizations/controllers/role.controller.ts(334,7): error TS1128: Declaration or statement expected.
src/modules/organizations/controllers/role.controller.ts(498,88): error TS1005: ')' expected.
src/modules/organizations/controllers/role.controller.ts(501,7): error TS1128: Declaration or statement expected.
src/modules/organizations/controllers/role.controller.ts(519,78): error TS1005: ')' expected.
src/modules/organizations/controllers/role.controller.ts(522,7): error TS1128: Declaration or statement expected.
src/modules/organizations/controllers/role.controller.ts(549,66): error TS1005: ')' expected.
src/modules/organizations/controllers/role.controller.ts(555,7): error TS1128: Declaration or statement expected.
src/modules/product-ingestion/mappers/marketplace-data.interfaces.ts(13,25): error TS1131: Property or signature expected.
src/modules/product-ingestion/mappers/marketplace-data.interfaces.ts(43,27): error TS1131: Property or signature expected.
src/modules/product-ingestion/mappers/marketplace-data.interfaces.ts(61,16): error TS1131: Property or signature expected.
src/modules/product-ingestion/mappers/marketplace-data.interfaces.ts(62,10): error TS1005: '>' expected.
src/modules/product-ingestion/mappers/marketplace-data.interfaces.ts(63,19): error TS1131: Property or signature expected.
src/modules/product-ingestion/mappers/marketplace-data.interfaces.ts(65,22): error TS1131: Property or signature expected.
src/modules/product-ingestion/mappers/marketplace-data.interfaces.ts(67,4): error TS1109: Expression expected.
src/modules/product-ingestion/mappers/marketplace-data.interfaces.ts(67,5): error TS1109: Expression expected.
src/modules/product-ingestion/mappers/marketplace-data.interfaces.ts(68,1): error TS1128: Declaration or statement expected.
src/modules/product-ingestion/mappers/marketplace-data.interfaces.ts(74,28): error TS1131: Property or signature expected.
src/modules/product-ingestion/mappers/marketplace-data.interfaces.ts(95,29): error TS1131: Property or signature expected.
src/modules/product-ingestion/mappers/marketplace-data.interfaces.ts(127,17): error TS1131: Property or signature expected.
src/modules/product-ingestion/models/warehouse.model.ts(20,19): error TS1131: Property or signature expected.
src/modules/product-ingestion/models/warehouse.model.ts(22,17): error TS1131: Property or signature expected.
src/modules/product-ingestion/models/warehouse.model.ts(26,22): error TS1131: Property or signature expected.
src/modules/product-ingestion/models/warehouse.model.ts(35,16): error TS1131: Property or signature expected.
src/modules/product-ingestion/models/warehouse.model.ts(37,31): error TS1131: Property or signature expected.
src/modules/product-ingestion/models/warehouse.model.ts(39,26): error TS1131: Property or signature expected.
src/modules/product-ingestion/models/warehouse.model.ts(88,43): error TS1109: Expression expected.
src/modules/product-ingestion/tests/product-ingestion.test.ts(166,67): error TS1005: ')' expected.
src/modules/product-ingestion/tests/product-ingestion.test.ts(171,7): error TS1128: Declaration or statement expected.
src/modules/product-ingestion/tests/product-ingestion.test.ts(197,67): error TS1005: ')' expected.
src/modules/product-ingestion/tests/product-ingestion.test.ts(202,7): error TS1128: Declaration or statement expected.
src/modules/product-ingestion/tests/product-ingestion.test.ts(208,3): error TS1128: Declaration or statement expected.
src/modules/product-ingestion/tests/product-ingestion.test.ts(208,4): error TS1128: Declaration or statement expected.
src/modules/product-ingestion/tests/product-ingestion.test.ts(294,67): error TS1005: ')' expected.
src/modules/product-ingestion/tests/product-ingestion.test.ts(299,7): error TS1128: Declaration or statement expected.
src/modules/product-ingestion/tests/product-ingestion.test.ts(305,3): error TS1128: Declaration or statement expected.
src/modules/product-ingestion/tests/product-ingestion.test.ts(305,4): error TS1128: Declaration or statement expected.
src/modules/product-ingestion/tests/product-ingestion.test.ts(306,1): error TS1128: Declaration or statement expected.
src/modules/product-ingestion/tests/product-ingestion.test.ts(306,2): error TS1128: Declaration or statement expected.
src/modules/sync-orchestrator/services/sync-orchestrator.service.ts(170,22): error TS1131: Property or signature expected.
src/modules/sync-orchestrator/services/sync-orchestrator.service.ts(171,21): error TS1005: '>' expected.
src/modules/sync-orchestrator/services/sync-orchestrator.service.ts(172,35): error TS1068: Unexpected token. A constructor, method, accessor, or property was expected.
src/modules/sync-orchestrator/services/sync-orchestrator.service.ts(175,4): error TS1109: Expression expected.
src/modules/sync-orchestrator/services/sync-orchestrator.service.ts(177,11): error TS1005: ':' expected.
src/modules/sync-orchestrator/services/sync-orchestrator.service.ts(177,80): error TS1005: ',' expected.
src/modules/sync-orchestrator/services/sync-orchestrator.service.ts(179,11): error TS1005: ',' expected.
src/modules/sync-orchestrator/services/sync-orchestrator.service.ts(179,90): error TS1005: ',' expected.
src/modules/sync-orchestrator/services/sync-orchestrator.service.ts(182,11): error TS1005: ':' expected.
src/modules/sync-orchestrator/services/sync-orchestrator.service.ts(188,6): error TS1005: ',' expected.
src/modules/sync-orchestrator/services/sync-orchestrator.service.ts(191,10): error TS1359: Identifier expected. 'const' is a reserved word that cannot be used here.
src/modules/sync-orchestrator/services/sync-orchestrator.service.ts(191,16): error TS1005: ',' expected.
src/modules/sync-orchestrator/services/sync-orchestrator.service.ts(191,27): error TS1005: ',' expected.
src/modules/sync-orchestrator/services/sync-orchestrator.service.ts(191,30): error TS1005: ',' expected.
src/modules/sync-orchestrator/services/sync-orchestrator.service.ts(225,5): error TS1005: ',' expected.
src/modules/sync-orchestrator/services/sync-orchestrator.service.ts(225,16): error TS1005: ',' expected.
src/modules/sync-orchestrator/services/sync-orchestrator.service.ts(225,95): error TS1005: ',' expected.
src/modules/sync-orchestrator/services/sync-orchestrator.service.ts(225,97): error TS1136: Property assignment expected.
src/modules/sync-orchestrator/services/sync-orchestrator.service.ts(230,3): error TS1128: Declaration or statement expected.
src/modules/sync-orchestrator/services/sync-orchestrator.service.ts(237,3): error TS1128: Declaration or statement expected.
src/modules/sync-orchestrator/services/sync-orchestrator.service.ts(237,42): error TS1005: ',' expected.
src/modules/sync-orchestrator/services/sync-orchestrator.service.ts(237,67): error TS1005: ';' expected.
src/modules/sync-orchestrator/services/sync-orchestrator.service.ts(237,69): error TS1434: Unexpected keyword or identifier.
src/modules/sync-orchestrator/services/sync-orchestrator.service.ts(261,3): error TS1128: Declaration or statement expected.
src/modules/sync-orchestrator/services/sync-orchestrator.service.ts(261,11): error TS1434: Unexpected keyword or identifier.
src/modules/sync-orchestrator/services/sync-orchestrator.service.ts(261,45): error TS1005: ',' expected.
src/modules/sync-orchestrator/services/sync-orchestrator.service.ts(261,78): error TS1005: ';' expected.
src/modules/sync-orchestrator/services/sync-orchestrator.service.ts(262,11): error TS1005: ':' expected.
src/modules/sync-orchestrator/services/sync-orchestrator.service.ts(262,51): error TS1005: ',' expected.
src/modules/sync-orchestrator/services/sync-orchestrator.service.ts(263,11): error TS1005: ':' expected.
src/modules/sync-orchestrator/services/sync-orchestrator.service.ts(263,48): error TS1005: ',' expected.
src/modules/sync-orchestrator/services/sync-orchestrator.service.ts(264,11): error TS1005: ':' expected.
src/modules/sync-orchestrator/services/sync-orchestrator.service.ts(264,51): error TS1005: ',' expected.
src/modules/sync-orchestrator/services/sync-orchestrator.service.ts(266,11): error TS1005: ',' expected.
src/modules/sync-orchestrator/services/sync-orchestrator.service.ts(266,93): error TS1005: ',' expected.
src/modules/sync-orchestrator/services/sync-orchestrator.service.ts(268,9): error TS1005: ':' expected.
src/modules/sync-orchestrator/services/sync-orchestrator.service.ts(270,13): error TS1005: ',' expected.
src/modules/sync-orchestrator/services/sync-orchestrator.service.ts(270,17): error TS1005: ':' expected.
src/modules/sync-orchestrator/services/sync-orchestrator.service.ts(270,82): error TS1005: ',' expected.
src/modules/sync-orchestrator/services/sync-orchestrator.service.ts(273,13): error TS1005: ':' expected.
src/modules/sync-orchestrator/services/sync-orchestrator.service.ts(273,94): error TS1005: ',' expected.
src/modules/sync-orchestrator/services/sync-orchestrator.service.ts(276,13): error TS1005: ':' expected.
src/modules/sync-orchestrator/services/sync-orchestrator.service.ts(276,87): error TS1005: ',' expected.
src/modules/sync-orchestrator/services/sync-orchestrator.service.ts(279,13): error TS1005: ':' expected.
src/modules/sync-orchestrator/services/sync-orchestrator.service.ts(279,71): error TS1005: ',' expected.
src/modules/sync-orchestrator/services/sync-orchestrator.service.ts(282,11): error TS1005: ',' expected.
src/modules/sync-orchestrator/services/sync-orchestrator.service.ts(282,31): error TS1005: ',' expected.
src/modules/sync-orchestrator/services/sync-orchestrator.service.ts(283,11): error TS1005: ',' expected.
src/modules/sync-orchestrator/services/sync-orchestrator.service.ts(283,33): error TS1005: ',' expected.
src/modules/sync-orchestrator/services/sync-orchestrator.service.ts(284,11): error TS1005: ',' expected.
src/modules/sync-orchestrator/services/sync-orchestrator.service.ts(284,30): error TS1005: ',' expected.
src/modules/sync-orchestrator/services/sync-orchestrator.service.ts(285,11): error TS1005: ',' expected.
src/modules/sync-orchestrator/services/sync-orchestrator.service.ts(285,32): error TS1005: ',' expected.
src/modules/sync-orchestrator/services/sync-orchestrator.service.ts(288,11): error TS1005: ':' expected.
src/modules/sync-orchestrator/services/sync-orchestrator.service.ts(289,15): error TS1005: ':' expected.
src/modules/sync-orchestrator/services/sync-orchestrator.service.ts(292,11): error TS1005: ',' expected.
src/modules/sync-orchestrator/services/sync-orchestrator.service.ts(294,27): error TS1005: ',' expected.
src/modules/sync-orchestrator/services/sync-orchestrator.service.ts(294,54): error TS1005: ',' expected.
src/modules/sync-orchestrator/services/sync-orchestrator.service.ts(294,56): error TS1136: Property assignment expected.
src/modules/sync-orchestrator/services/sync-orchestrator.service.ts(296,78): error TS1005: ')' expected.
src/modules/sync-orchestrator/services/sync-orchestrator.service.ts(300,11): error TS1128: Declaration or statement expected.
src/modules/sync-orchestrator/services/sync-orchestrator.service.ts(304,11): error TS1128: Declaration or statement expected.
src/modules/sync-orchestrator/services/sync-orchestrator.service.ts(307,7): error TS1128: Declaration or statement expected.
src/modules/sync-orchestrator/services/sync-orchestrator.service.ts(307,9): error TS1005: 'try' expected.
src/modules/sync-orchestrator/services/sync-orchestrator.service.ts(322,82): error TS1005: ')' expected.
src/modules/sync-orchestrator/services/sync-orchestrator.service.ts(326,11): error TS1128: Declaration or statement expected.
src/modules/sync-orchestrator/services/sync-orchestrator.service.ts(368,5): error TS1128: Declaration or statement expected.
src/modules/sync-orchestrator/services/sync-orchestrator.service.ts(368,7): error TS1005: 'try' expected.
src/modules/sync-orchestrator/services/sync-orchestrator.service.ts(382,3): error TS1128: Declaration or statement expected.
src/modules/sync-orchestrator/services/sync-orchestrator.service.ts(391,3): error TS1128: Declaration or statement expected.
src/modules/sync-orchestrator/services/sync-orchestrator.service.ts(391,11): error TS1434: Unexpected keyword or identifier.
src/modules/sync-orchestrator/services/sync-orchestrator.service.ts(392,17): error TS1005: ',' expected.
src/modules/sync-orchestrator/services/sync-orchestrator.service.ts(393,15): error TS1005: ',' expected.
src/modules/sync-orchestrator/services/sync-orchestrator.service.ts(394,18): error TS1109: Expression expected.
src/modules/sync-orchestrator/services/sync-orchestrator.service.ts(395,23): error TS1005: ',' expected.
src/modules/sync-orchestrator/services/sync-orchestrator.service.ts(396,4): error TS1005: ';' expected.
src/modules/sync-orchestrator/services/sync-orchestrator.service.ts(396,18): error TS1109: Expression expected.
src/modules/sync-orchestrator/services/sync-orchestrator.service.ts(397,9): error TS1005: ':' expected.
src/modules/sync-orchestrator/services/sync-orchestrator.service.ts(398,13): error TS1005: ':' expected.
src/modules/sync-orchestrator/services/sync-orchestrator.service.ts(398,87): error TS1005: ',' expected.
src/modules/sync-orchestrator/services/sync-orchestrator.service.ts(400,11): error TS1003: Identifier expected.
src/modules/sync-orchestrator/services/sync-orchestrator.service.ts(405,7): error TS1005: ',' expected.
src/modules/sync-orchestrator/services/sync-orchestrator.service.ts(405,17): error TS1005: ',' expected.
src/modules/sync-orchestrator/services/sync-orchestrator.service.ts(405,41): error TS1005: ',' expected.
src/modules/sync-orchestrator/services/sync-orchestrator.service.ts(413,7): error TS1005: ',' expected.
src/modules/sync-orchestrator/services/sync-orchestrator.service.ts(418,7): error TS1005: ',' expected.
src/modules/sync-orchestrator/services/sync-orchestrator.service.ts(418,17): error TS1005: ',' expected.
src/modules/sync-orchestrator/services/sync-orchestrator.service.ts(418,42): error TS1005: ',' expected.
src/modules/sync-orchestrator/services/sync-orchestrator.service.ts(421,13): error TS1005: ',' expected.
src/modules/sync-orchestrator/services/sync-orchestrator.service.ts(421,23): error TS1005: ',' expected.
src/modules/sync-orchestrator/services/sync-orchestrator.service.ts(421,30): error TS1005: ',' expected.
src/modules/sync-orchestrator/services/sync-orchestrator.service.ts(423,7): error TS1005: ',' expected.
src/modules/sync-orchestrator/services/sync-orchestrator.service.ts(434,3): error TS1128: Declaration or statement expected.
src/modules/sync-orchestrator/services/sync-orchestrator.service.ts(434,10): error TS1434: Unexpected keyword or identifier.
src/modules/sync-orchestrator/services/sync-orchestrator.service.ts(434,43): error TS1005: ',' expected.
src/modules/sync-orchestrator/services/sync-orchestrator.service.ts(434,52): error TS1005: ';' expected.
src/modules/sync-orchestrator/services/sync-orchestrator.service.ts(435,21): error TS1005: ',' expected.
src/modules/sync-orchestrator/services/sync-orchestrator.service.ts(435,22): error TS1136: Property assignment expected.
src/modules/sync-orchestrator/services/sync-orchestrator.service.ts(436,20): error TS1005: ',' expected.
src/modules/sync-orchestrator/services/sync-orchestrator.service.ts(437,29): error TS1005: ',' expected.
src/modules/sync-orchestrator/services/sync-orchestrator.service.ts(438,31): error TS1005: ',' expected.
src/modules/sync-orchestrator/services/sync-orchestrator.service.ts(440,9): error TS1005: ':' expected.
src/modules/sync-orchestrator/services/sync-orchestrator.service.ts(442,13): error TS1005: ':' expected.
src/modules/sync-orchestrator/services/sync-orchestrator.service.ts(442,87): error TS1005: ',' expected.
src/modules/sync-orchestrator/services/sync-orchestrator.service.ts(444,11): error TS1003: Identifier expected.
src/modules/sync-orchestrator/services/sync-orchestrator.service.ts(449,7): error TS1005: ',' expected.
src/modules/sync-orchestrator/services/sync-orchestrator.service.ts(449,21): error TS1005: ',' expected.
src/modules/sync-orchestrator/services/sync-orchestrator.service.ts(449,59): error TS1005: ',' expected.
src/modules/sync-orchestrator/services/sync-orchestrator.service.ts(449,61): error TS1136: Property assignment expected.
src/modules/sync-orchestrator/services/sync-orchestrator.service.ts(463,5): error TS1128: Declaration or statement expected.
src/modules/sync-orchestrator/services/sync-orchestrator.service.ts(463,7): error TS1005: 'try' expected.
src/modules/sync-orchestrator/services/sync-orchestrator.service.ts(472,3): error TS1128: Declaration or statement expected.
src/modules/sync-orchestrator/services/sync-orchestrator.service.ts(478,3): error TS1128: Declaration or statement expected.
src/modules/sync-orchestrator/services/sync-orchestrator.service.ts(478,25): error TS1005: ';' expected.
src/modules/sync-orchestrator/services/sync-orchestrator.service.ts(479,24): error TS1128: Declaration or statement expected.
src/modules/sync-orchestrator/services/sync-orchestrator.service.ts(482,18): error TS1109: Expression expected.
src/modules/sync-orchestrator/services/sync-orchestrator.service.ts(492,1): error TS1128: Declaration or statement expected.
src/modules/sync-orchestrator/tests/sync-orchestrator.test.ts(336,63): error TS1005: ')' expected.
src/modules/sync-orchestrator/tests/sync-orchestrator.test.ts(339,7): error TS1128: Declaration or statement expected.
src/modules/sync-orchestrator/tests/sync-orchestrator.test.ts(410,1): error TS1128: Declaration or statement expected.
src/modules/sync-orchestrator/tests/sync-orchestrator.test.ts(410,2): error TS1128: Declaration or statement expected.
src/modules/sync-orchestrator/utils/cloud-scheduler-setup.ts(9,16): error TS1131: Property or signature expected.
src/modules/sync-orchestrator/utils/cloud-scheduler-setup.ts(11,20): error TS1131: Property or signature expected.
src/modules/xero-connector/controllers/xero-account.controller.ts(33,68): error TS1005: ')' expected.
src/modules/xero-connector/controllers/xero-account.controller.ts(36,7): error TS1128: Declaration or statement expected.
src/modules/xero-connector/controllers/xero-account.controller.ts(74,68): error TS1005: ')' expected.
src/modules/xero-connector/controllers/xero-account.controller.ts(77,7): error TS1128: Declaration or statement expected.
src/modules/xero-connector/controllers/xero-auth.controller.ts(30,59): error TS1005: ')' expected.
src/modules/xero-connector/controllers/xero-auth.controller.ts(34,7): error TS1128: Declaration or statement expected.
src/modules/xero-connector/controllers/xero-contact.controller.ts(35,68): error TS1005: ')' expected.
src/modules/xero-connector/controllers/xero-contact.controller.ts(38,7): error TS1128: Declaration or statement expected.
src/modules/xero-connector/controllers/xero-contact.controller.ts(77,68): error TS1005: ')' expected.
src/modules/xero-connector/controllers/xero-contact.controller.ts(80,7): error TS1128: Declaration or statement expected.
src/modules/xero-connector/controllers/xero-invoice.controller.ts(38,65): error TS1005: ')' expected.
src/modules/xero-connector/controllers/xero-invoice.controller.ts(41,7): error TS1128: Declaration or statement expected.
src/modules/xero-connector/controllers/xero-sync.controller.ts(52,62): error TS1005: ')' expected.
src/modules/xero-connector/controllers/xero-sync.controller.ts(56,7): error TS1128: Declaration or statement expected.
src/modules/xero-connector/controllers/xero-sync.controller.ts(153,68): error TS1005: ')' expected.
src/modules/xero-connector/controllers/xero-sync.controller.ts(156,7): error TS1128: Declaration or statement expected.
src/modules/xero-connector/tests/xero-invoice.service.test.ts(316,63): error TS1005: ')' expected.
src/modules/xero-connector/tests/xero-invoice.service.test.ts(320,7): error TS1128: Declaration or statement expected.
src/modules/xero-connector/tests/xero-invoice.service.test.ts(342,63): error TS1005: ')' expected.
src/modules/xero-connector/tests/xero-invoice.service.test.ts(346,7): error TS1128: Declaration or statement expected.
src/modules/xero-connector/tests/xero-invoice.service.test.ts(367,63): error TS1005: ')' expected.
src/modules/xero-connector/tests/xero-invoice.service.test.ts(371,7): error TS1128: Declaration or statement expected.
src/modules/xero-connector/tests/xero-invoice.service.test.ts(379,5): error TS1128: Declaration or statement expected.
src/modules/xero-connector/tests/xero-invoice.service.test.ts(379,6): error TS1128: Declaration or statement expected.
src/modules/xero-connector/tests/xero-invoice.service.test.ts(388,63): error TS1005: ')' expected.
src/modules/xero-connector/tests/xero-invoice.service.test.ts(392,7): error TS1128: Declaration or statement expected.
src/modules/xero-connector/tests/xero-invoice.service.test.ts(397,5): error TS1128: Declaration or statement expected.
src/modules/xero-connector/tests/xero-invoice.service.test.ts(397,6): error TS1128: Declaration or statement expected.
src/modules/xero-connector/tests/xero-invoice.service.test.ts(398,3): error TS1128: Declaration or statement expected.
src/modules/xero-connector/tests/xero-invoice.service.test.ts(398,4): error TS1128: Declaration or statement expected.
src/modules/xero-connector/tests/xero-invoice.service.test.ts(399,1): error TS1128: Declaration or statement expected.
src/modules/xero-connector/tests/xero-invoice.service.test.ts(399,2): error TS1128: Declaration or statement expected.
src/modules/xero-connector/tests/xero-sync.service.test.ts(121,23): error TS1477: An instantiation expression cannot be followed by a property access.
src/modules/xero-connector/tests/xero-sync.service.test.ts(140,23): error TS1477: An instantiation expression cannot be followed by a property access.
src/modules/xero-connector/tests/xero-sync.service.test.ts(175,23): error TS1477: An instantiation expression cannot be followed by a property access.
src/modules/xero-connector/tests/xero-sync.service.test.ts(194,23): error TS1477: An instantiation expression cannot be followed by a property access.
src/modules/xero-connector/tests/xero-webhook.service.test.ts(159,66): error TS1005: ')' expected.
src/modules/xero-connector/tests/xero-webhook.service.test.ts(163,7): error TS1128: Declaration or statement expected.
src/modules/xero-connector/tests/xero-webhook.service.test.ts(171,66): error TS1005: ')' expected.
src/modules/xero-connector/tests/xero-webhook.service.test.ts(175,7): error TS1128: Declaration or statement expected.
src/modules/xero-connector/tests/xero-webhook.service.test.ts(180,3): error TS1128: Declaration or statement expected.
src/modules/xero-connector/tests/xero-webhook.service.test.ts(180,4): error TS1128: Declaration or statement expected.
src/modules/xero-connector/tests/xero-webhook.service.test.ts(181,1): error TS1128: Declaration or statement expected.
src/modules/xero-connector/tests/xero-webhook.service.test.ts(181,2): error TS1128: Declaration or statement expected.
src/scripts/seed-multi-warehouse-data.ts(33,37): error TS1005: ',' expected.
src/scripts/seed-multi-warehouse-data.ts(33,38): error TS1136: Property assignment expected.
src/scripts/seed-multi-warehouse-data.ts(34,9): error TS1005: ',' expected.
src/scripts/seed-multi-warehouse-data.ts(35,12): error TS1005: ',' expected.
src/scripts/seed-multi-warehouse-data.ts(42,18): error TS1005: ',' expected.
src/scripts/seed-multi-warehouse-data.ts(43,17): error TS1005: ',' expected.
src/scripts/seed-multi-warehouse-data.ts(44,17): error TS1005: ',' expected.
src/scripts/seed-multi-warehouse-data.ts(45,13): error TS1005: ',' expected.
src/scripts/seed-multi-warehouse-data.ts(46,14): error TS1005: ',' expected.
src/scripts/seed-multi-warehouse-data.ts(47,10): error TS1005: ',' expected.
src/scripts/seed-multi-warehouse-data.ts(48,3): error TS1137: Expression or comma expected.
src/scripts/seed-multi-warehouse-data.ts(48,4): error TS1128: Declaration or statement expected.
src/scripts/seed-multi-warehouse-data.ts(50,36): error TS1128: Declaration or statement expected.
src/scripts/seed-multi-warehouse-data.ts(52,12): error TS1005: ';' expected.
src/scripts/seed-multi-warehouse-data.ts(54,11): error TS1005: ';' expected.
src/scripts/seed-multi-warehouse-data.ts(55,12): error TS1005: ';' expected.
src/scripts/seed-multi-warehouse-data.ts(56,17): error TS1005: ';' expected.
src/scripts/seed-multi-warehouse-data.ts(57,14): error TS1005: ';' expected.
src/scripts/seed-multi-warehouse-data.ts(58,5): error TS1109: Expression expected.
src/scripts/seed-multi-warehouse-data.ts(58,6): error TS1128: Declaration or statement expected.
src/scripts/seed-multi-warehouse-data.ts(60,17): error TS1005: ';' expected.
src/scripts/seed-multi-warehouse-data.ts(61,17): error TS1005: ';' expected.
src/scripts/seed-multi-warehouse-data.ts(62,13): error TS1005: ';' expected.
src/scripts/seed-multi-warehouse-data.ts(63,14): error TS1005: ';' expected.
src/scripts/seed-multi-warehouse-data.ts(64,10): error TS1005: ';' expected.
src/scripts/seed-multi-warehouse-data.ts(65,3): error TS1109: Expression expected.
src/scripts/seed-multi-warehouse-data.ts(65,4): error TS1128: Declaration or statement expected.
src/scripts/seed-multi-warehouse-data.ts(67,38): error TS1128: Declaration or statement expected.
src/scripts/seed-multi-warehouse-data.ts(69,12): error TS1005: ';' expected.
src/scripts/seed-multi-warehouse-data.ts(71,11): error TS1005: ';' expected.
src/scripts/seed-multi-warehouse-data.ts(72,12): error TS1005: ';' expected.
src/scripts/seed-multi-warehouse-data.ts(73,17): error TS1005: ';' expected.
src/scripts/seed-multi-warehouse-data.ts(74,14): error TS1005: ';' expected.
src/scripts/seed-multi-warehouse-data.ts(75,5): error TS1109: Expression expected.
src/scripts/seed-multi-warehouse-data.ts(75,6): error TS1128: Declaration or statement expected.
src/scripts/seed-multi-warehouse-data.ts(77,17): error TS1005: ';' expected.
src/scripts/seed-multi-warehouse-data.ts(78,17): error TS1005: ';' expected.
src/scripts/seed-multi-warehouse-data.ts(79,13): error TS1005: ';' expected.
src/scripts/seed-multi-warehouse-data.ts(80,14): error TS1005: ';' expected.
src/scripts/seed-multi-warehouse-data.ts(81,10): error TS1005: ';' expected.
src/scripts/seed-multi-warehouse-data.ts(82,3): error TS1109: Expression expected.
src/scripts/seed-multi-warehouse-data.ts(83,1): error TS1128: Declaration or statement expected.
src/scripts/seed-multi-warehouse-data.ts(88,28): error TS1005: ',' expected.
src/scripts/seed-multi-warehouse-data.ts(88,29): error TS1136: Property assignment expected.
src/scripts/seed-multi-warehouse-data.ts(89,18): error TS1005: ',' expected.
src/scripts/seed-multi-warehouse-data.ts(90,10): error TS1005: ',' expected.
src/scripts/seed-multi-warehouse-data.ts(90,34): error TS1005: ',' expected.
src/scripts/seed-multi-warehouse-data.ts(90,35): error TS1128: Declaration or statement expected.
src/scripts/seed-multi-warehouse-data.ts(92,12): error TS1005: ';' expected.
src/scripts/seed-multi-warehouse-data.ts(94,11): error TS1005: ';' expected.
src/scripts/seed-multi-warehouse-data.ts(95,12): error TS1005: ';' expected.
src/scripts/seed-multi-warehouse-data.ts(96,17): error TS1005: ';' expected.
src/scripts/seed-multi-warehouse-data.ts(97,14): error TS1005: ';' expected.
src/scripts/seed-multi-warehouse-data.ts(98,5): error TS1109: Expression expected.
src/scripts/seed-multi-warehouse-data.ts(98,6): error TS1128: Declaration or statement expected.
src/scripts/seed-multi-warehouse-data.ts(100,13): error TS1005: ';' expected.
src/scripts/seed-multi-warehouse-data.ts(101,22): error TS1005: ';' expected.
src/scripts/seed-multi-warehouse-data.ts(102,13): error TS1005: ';' expected.
src/scripts/seed-multi-warehouse-data.ts(103,15): error TS1005: ';' expected.
src/scripts/seed-multi-warehouse-data.ts(104,11): error TS1005: ';' expected.
src/scripts/seed-multi-warehouse-data.ts(105,3): error TS1109: Expression expected.
src/scripts/seed-multi-warehouse-data.ts(105,4): error TS1128: Declaration or statement expected.
src/scripts/seed-multi-warehouse-data.ts(107,34): error TS1128: Declaration or statement expected.
src/scripts/seed-multi-warehouse-data.ts(109,10): error TS1005: ';' expected.
src/scripts/seed-multi-warehouse-data.ts(109,39): error TS1128: Declaration or statement expected.
src/scripts/seed-multi-warehouse-data.ts(111,12): error TS1005: ';' expected.
src/scripts/seed-multi-warehouse-data.ts(113,11): error TS1005: ';' expected.
src/scripts/seed-multi-warehouse-data.ts(114,12): error TS1005: ';' expected.
src/scripts/seed-multi-warehouse-data.ts(115,17): error TS1005: ';' expected.
src/scripts/seed-multi-warehouse-data.ts(116,14): error TS1005: ';' expected.
src/scripts/seed-multi-warehouse-data.ts(117,5): error TS1109: Expression expected.
src/scripts/seed-multi-warehouse-data.ts(117,6): error TS1128: Declaration or statement expected.
src/scripts/seed-multi-warehouse-data.ts(119,13): error TS1005: ';' expected.
src/scripts/seed-multi-warehouse-data.ts(120,22): error TS1005: ';' expected.
src/scripts/seed-multi-warehouse-data.ts(121,13): error TS1005: ';' expected.
src/scripts/seed-multi-warehouse-data.ts(122,15): error TS1005: ';' expected.
src/scripts/seed-multi-warehouse-data.ts(123,11): error TS1005: ';' expected.
src/scripts/seed-multi-warehouse-data.ts(124,3): error TS1109: Expression expected.
src/scripts/seed-multi-warehouse-data.ts(124,4): error TS1128: Declaration or statement expected.
src/scripts/seed-multi-warehouse-data.ts(126,37): error TS1128: Declaration or statement expected.
src/scripts/seed-multi-warehouse-data.ts(128,10): error TS1005: ';' expected.
src/scripts/seed-multi-warehouse-data.ts(128,44): error TS1128: Declaration or statement expected.
src/scripts/seed-multi-warehouse-data.ts(130,12): error TS1005: ';' expected.
src/scripts/seed-multi-warehouse-data.ts(132,11): error TS1005: ';' expected.
src/scripts/seed-multi-warehouse-data.ts(133,12): error TS1005: ';' expected.
src/scripts/seed-multi-warehouse-data.ts(134,17): error TS1005: ';' expected.
src/scripts/seed-multi-warehouse-data.ts(135,14): error TS1005: ';' expected.
src/scripts/seed-multi-warehouse-data.ts(136,5): error TS1109: Expression expected.
src/scripts/seed-multi-warehouse-data.ts(136,6): error TS1128: Declaration or statement expected.
src/scripts/seed-multi-warehouse-data.ts(138,13): error TS1005: ';' expected.
src/scripts/seed-multi-warehouse-data.ts(139,22): error TS1005: ';' expected.
src/scripts/seed-multi-warehouse-data.ts(140,13): error TS1005: ';' expected.
src/scripts/seed-multi-warehouse-data.ts(141,15): error TS1005: ';' expected.
src/scripts/seed-multi-warehouse-data.ts(142,11): error TS1005: ';' expected.
src/scripts/seed-multi-warehouse-data.ts(143,3): error TS1109: Expression expected.
src/scripts/seed-multi-warehouse-data.ts(144,1): error TS1128: Declaration or statement expected.
src/services/example.service.ts(3,18): error TS1005: ',' expected.
src/services/example.service.ts(3,31): error TS1005: 'from' expected.
src/services/example.service.ts(3,34): error TS1005: ';' expected.
src/services/example.service.ts(3,38): error TS1434: Unexpected keyword or identifier.
src/services/example.service.ts(4,21): error TS1005: ',' expected.
src/services/example.service.ts(4,37): error TS1005: 'from' expected.
src/services/example.service.ts(4,40): error TS1005: ';' expected.
src/services/example.service.ts(4,44): error TS1434: Unexpected keyword or identifier.
src/services/example.service.ts(14,3): error TS1434: Unexpected keyword or identifier.
src/services/example.service.ts(25,3): error TS1434: Unexpected keyword or identifier.
src/services/example.service.ts(30,88): error TS1005: ',' expected.
src/services/example.service.ts(30,90): error TS1434: Unexpected keyword or identifier.
src/services/example.service.ts(30,93): error TS1434: Unexpected keyword or identifier.
src/services/example.service.ts(30,96): error TS1128: Declaration or statement expected.
src/services/example.service.ts(30,97): error TS1128: Declaration or statement expected.
src/services/example.service.ts(30,128): error TS1011: An element access expression should take an argument.
src/services/example.service.ts(30,136): error TS1005: ',' expected.
src/services/example.service.ts(30,151): error TS1005: ',' expected.
src/services/example.service.ts(30,165): error TS1005: ',' expected.
src/services/example.service.ts(30,191): error TS1109: Expression expected.
src/services/example.service.ts(36,5): error TS1005: ',' expected.
src/services/example.service.ts(36,18): error TS1472: 'catch' or 'finally' expected.
src/services/example.service.ts(36,21): error TS1434: Unexpected keyword or identifier.
src/services/example.service.ts(36,25): error TS1005: 'try' expected.
src/services/example.service.ts(36,37): error TS1005: ')' expected.
src/services/example.service.ts(36,45): error TS1434: Unexpected keyword or identifier.
src/services/example.service.ts(36,48): error TS1128: Declaration or statement expected.
src/services/example.service.ts(36,53): error TS1434: Unexpected keyword or identifier.
src/services/example.service.ts(38,32): error TS1005: ')' expected.
src/services/example.service.ts(38,37): error TS1005: ',' expected.
src/services/example.service.ts(38,39): error TS1134: Variable declaration expected.
src/services/example.service.ts(39,41): error TS1005: ':' expected.
src/services/example.service.ts(39,44): error TS1005: ',' expected.
src/services/example.service.ts(45,63): error TS1005: ',' expected.
src/services/example.service.ts(45,93): error TS1005: ',' expected.
src/services/example.service.ts(46,24): error TS1005: ',' expected.
src/services/example.service.ts(47,7): error TS1128: Declaration or statement expected.
src/services/example.service.ts(47,26): error TS1005: ',' expected.
src/services/example.service.ts(48,7): error TS1128: Declaration or statement expected.
src/services/example.service.ts(48,24): error TS1005: ',' expected.
src/services/example.service.ts(50,70): error TS1005: ',' expected.
src/services/example.service.ts(56,5): error TS1005: 'try' expected.
src/services/example.service.ts(56,17): error TS1005: ')' expected.
src/services/example.service.ts(56,25): error TS1434: Unexpected keyword or identifier.
src/services/example.service.ts(56,28): error TS1128: Declaration or statement expected.
src/services/example.service.ts(59,3): error TS1128: Declaration or statement expected.
src/services/example.service.ts(60,1): error TS1128: Declaration or statement expected.
src/services/example.service.ts(65,53): error TS1005: ',' expected.
src/services/example.service.ts(65,56): error TS1005: ',' expected.
src/services/example.service.ts(67,63): error TS1005: ',' expected.
src/services/example.service.ts(67,86): error TS1005: ',' expected.
src/services/example.service.ts(69,23): error TS1005: ')' expected.
src/services/example.service.ts(69,25): error TS1434: Unexpected keyword or identifier.
src/services/example.service.ts(69,28): error TS1128: Declaration or statement expected.
src/services/example.service.ts(70,82): error TS1005: ',' expected.
src/services/example.service.ts(71,5): error TS1128: Declaration or statement expected.
src/services/example.service.ts(71,16): error TS1128: Declaration or statement expected.
src/services/example.service.ts(71,18): error TS1005: 'try' expected.
src/services/example.service.ts(71,30): error TS1005: ')' expected.
src/services/example.service.ts(71,38): error TS1434: Unexpected keyword or identifier.
src/services/example.service.ts(71,41): error TS1128: Declaration or statement expected.
src/services/example.service.ts(71,46): error TS1434: Unexpected keyword or identifier.
src/services/example.service.ts(74,3): error TS1128: Declaration or statement expected.
src/services/example.service.ts(74,5): error TS1005: 'try' expected.
src/services/example.service.ts(74,17): error TS1005: ')' expected.
src/services/example.service.ts(74,25): error TS1434: Unexpected keyword or identifier.
src/services/example.service.ts(74,28): error TS1128: Declaration or statement expected.
src/services/example.service.ts(75,64): error TS1005: '}' expected.
src/services/example.service.ts(75,68): error TS1005: ',' expected.
src/services/example.service.ts(75,70): error TS1434: Unexpected keyword or identifier.
src/services/example.service.ts(107,20): error TS1005: ';' expected.
src/services/example.service.ts(107,43): error TS1005: ';' expected.
src/services/example.service.ts(107,55): error TS1005: '(' expected.
src/services/example.service.ts(107,58): error TS1005: ';' expected.
src/services/example.service.ts(107,59): error TS1005: ';' expected.
src/services/example.service.ts(107,75): error TS1005: ')' expected.
src/services/example.service.ts(123,20): error TS1005: ';' expected.
src/services/example.service.ts(123,43): error TS1005: ';' expected.
src/services/example.service.ts(123,55): error TS1005: '(' expected.
src/services/example.service.ts(123,58): error TS1005: ';' expected.
src/services/example.service.ts(123,59): error TS1005: ';' expected.
src/services/example.service.ts(123,75): error TS1005: ')' expected.
src/services/example.service.ts(126,3): error TS1160: Unterminated template literal.
src/services/firestore/inventory.service.ts(537,20): error TS1477: An instantiation expression cannot be followed by a property access.
src/services/firestore/order.service.ts(389,20): error TS1477: An instantiation expression cannot be followed by a property access.
src/templates/controller.template.ts(3,10): error TS1003: Identifier expected.
src/templates/controller.template.ts(3,11): error TS1136: Property assignment expected.
src/templates/controller.template.ts(3,22): error TS1128: Declaration or statement expected.
src/templates/controller.template.ts(3,29): error TS1128: Declaration or statement expected.
src/templates/controller.template.ts(3,31): error TS1434: Unexpected keyword or identifier.
src/templates/controller.template.ts(8,15): error TS1068: Unexpected token. A constructor, method, accessor, or property was expected.
src/templates/controller.template.ts(8,26): error TS1128: Declaration or statement expected.
src/templates/controller.template.ts(8,27): error TS1434: Unexpected keyword or identifier.
src/templates/controller.template.ts(12,3): error TS1128: Declaration or statement expected.
src/templates/controller.template.ts(12,10): error TS1434: Unexpected keyword or identifier.
src/templates/controller.template.ts(12,26): error TS1005: ',' expected.
src/templates/controller.template.ts(12,40): error TS1005: ',' expected.
src/templates/controller.template.ts(12,56): error TS1005: ',' expected.
src/templates/controller.template.ts(12,71): error TS1005: ';' expected.
src/templates/controller.template.ts(12,85): error TS1109: Expression expected.
src/templates/controller.template.ts(13,9): error TS1005: ':' expected.
src/templates/controller.template.ts(14,13): error TS1005: ':' expected.
src/templates/controller.template.ts(14,14): error TS1136: Property assignment expected.
src/templates/controller.template.ts(14,33): error TS2809: Declaration or statement expected. This '=' follows a block of statements, so if you intended to write a destructuring assignment, you might need to wrap the whole assignment in parentheses.
src/templates/controller.template.ts(14,42): error TS1136: Property assignment expected.
src/templates/controller.template.ts(14,53): error TS1109: Expression expected.
src/templates/controller.template.ts(18,16): error TS1136: Property assignment expected.
src/templates/controller.template.ts(18,33): error TS1005: ',' expected.
src/templates/controller.template.ts(19,7): error TS1135: Argument expression expected.
src/templates/controller.template.ts(20,5): error TS1109: Expression expected.
src/templates/controller.template.ts(20,7): error TS1005: 'try' expected.
src/templates/controller.template.ts(23,3): error TS1109: Expression expected.
src/templates/controller.template.ts(28,3): error TS1434: Unexpected keyword or identifier.
src/templates/controller.template.ts(28,10): error TS1434: Unexpected keyword or identifier.
src/templates/controller.template.ts(28,27): error TS1005: ',' expected.
src/templates/controller.template.ts(28,41): error TS1005: ',' expected.
src/templates/controller.template.ts(28,57): error TS1005: ',' expected.
src/templates/controller.template.ts(28,72): error TS1005: ';' expected.
src/templates/controller.template.ts(28,86): error TS1109: Expression expected.
src/templates/controller.template.ts(29,9): error TS1005: ':' expected.
src/templates/controller.template.ts(30,13): error TS1005: ':' expected.
src/templates/controller.template.ts(30,51): error TS1005: ',' expected.
src/templates/controller.template.ts(31,13): error TS1005: ':' expected.
src/templates/controller.template.ts(31,14): error TS1136: Property assignment expected.
src/templates/controller.template.ts(31,25): error TS1128: Declaration or statement expected.
src/templates/controller.template.ts(31,27): error TS1128: Declaration or statement expected.
src/templates/controller.template.ts(31,36): error TS1136: Property assignment expected.
src/templates/controller.template.ts(31,47): error TS1109: Expression expected.
src/templates/controller.template.ts(33,13): error TS1136: Property assignment expected.
src/templates/controller.template.ts(33,24): error TS1005: ')' expected.
src/templates/controller.template.ts(33,25): error TS1109: Expression expected.
src/templates/controller.template.ts(42,16): error TS1136: Property assignment expected.
src/templates/controller.template.ts(42,27): error TS1005: ',' expected.
src/templates/controller.template.ts(43,7): error TS1135: Argument expression expected.
src/templates/controller.template.ts(44,5): error TS1109: Expression expected.
src/templates/controller.template.ts(44,7): error TS1005: 'try' expected.
src/templates/controller.template.ts(47,3): error TS1109: Expression expected.
src/templates/controller.template.ts(52,3): error TS1434: Unexpected keyword or identifier.
src/templates/controller.template.ts(52,10): error TS1434: Unexpected keyword or identifier.
src/templates/controller.template.ts(52,26): error TS1005: ',' expected.
src/templates/controller.template.ts(52,40): error TS1005: ',' expected.
src/templates/controller.template.ts(52,56): error TS1005: ',' expected.
src/templates/controller.template.ts(52,71): error TS1005: ';' expected.
src/templates/controller.template.ts(52,85): error TS1109: Expression expected.
src/templates/controller.template.ts(53,9): error TS1005: ':' expected.
src/templates/controller.template.ts(54,13): error TS1005: ':' expected.
src/templates/controller.template.ts(54,14): error TS1136: Property assignment expected.
src/templates/controller.template.ts(54,25): error TS1128: Declaration or statement expected.
src/templates/controller.template.ts(54,27): error TS1128: Declaration or statement expected.
src/templates/controller.template.ts(54,34): error TS1136: Property assignment expected.
src/templates/controller.template.ts(54,45): error TS1128: Declaration or statement expected.
src/templates/controller.template.ts(55,29): error TS1136: Property assignment expected.
src/templates/controller.template.ts(55,40): error TS1109: Expression expected.
src/templates/controller.template.ts(55,41): error TS1109: Expression expected.
src/templates/controller.template.ts(61,5): error TS1109: Expression expected.
src/templates/controller.template.ts(61,7): error TS1005: 'try' expected.
src/templates/controller.template.ts(64,3): error TS1109: Expression expected.
src/templates/controller.template.ts(69,3): error TS1434: Unexpected keyword or identifier.
src/templates/controller.template.ts(69,10): error TS1434: Unexpected keyword or identifier.
src/templates/controller.template.ts(69,26): error TS1005: ',' expected.
src/templates/controller.template.ts(69,40): error TS1005: ',' expected.
src/templates/controller.template.ts(69,56): error TS1005: ',' expected.
src/templates/controller.template.ts(69,71): error TS1005: ';' expected.
src/templates/controller.template.ts(69,85): error TS1109: Expression expected.
src/templates/controller.template.ts(70,9): error TS1005: ':' expected.
src/templates/controller.template.ts(71,13): error TS1005: ':' expected.
src/templates/controller.template.ts(71,51): error TS1005: ',' expected.
src/templates/controller.template.ts(72,13): error TS1005: ':' expected.
src/templates/controller.template.ts(72,31): error TS1005: ',' expected.
src/templates/controller.template.ts(74,13): error TS1005: ':' expected.
src/templates/controller.template.ts(74,14): error TS1136: Property assignment expected.
src/templates/controller.template.ts(74,25): error TS1128: Declaration or statement expected.
src/templates/controller.template.ts(74,27): error TS1128: Declaration or statement expected.
src/templates/controller.template.ts(74,36): error TS1136: Property assignment expected.
src/templates/controller.template.ts(74,47): error TS1109: Expression expected.
src/templates/controller.template.ts(80,13): error TS1136: Property assignment expected.
src/templates/controller.template.ts(80,24): error TS1005: ')' expected.
src/templates/controller.template.ts(80,25): error TS1109: Expression expected.
src/templates/controller.template.ts(89,16): error TS1136: Property assignment expected.
src/templates/controller.template.ts(89,27): error TS1005: ',' expected.
src/templates/controller.template.ts(90,7): error TS1135: Argument expression expected.
src/templates/controller.template.ts(91,5): error TS1109: Expression expected.
src/templates/controller.template.ts(91,7): error TS1005: 'try' expected.
src/templates/controller.template.ts(94,3): error TS1109: Expression expected.
src/templates/controller.template.ts(99,3): error TS1434: Unexpected keyword or identifier.
src/templates/controller.template.ts(99,10): error TS1434: Unexpected keyword or identifier.
src/templates/controller.template.ts(99,26): error TS1005: ')' expected.
src/templates/controller.template.ts(99,40): error TS1005: ';' expected.
src/templates/controller.template.ts(99,56): error TS1005: ';' expected.
src/templates/controller.template.ts(99,58): error TS1435: Unknown keyword or identifier. Did you mean 'function'?
src/templates/controller.template.ts(99,70): error TS1128: Declaration or statement expected.
src/templates/controller.template.ts(99,71): error TS1128: Declaration or statement expected.
src/templates/controller.template.ts(99,85): error TS1109: Expression expected.
src/templates/controller.template.ts(100,9): error TS1005: ':' expected.
src/templates/controller.template.ts(101,13): error TS1005: ':' expected.
src/templates/controller.template.ts(101,51): error TS1005: ',' expected.
src/templates/controller.template.ts(102,13): error TS1005: ':' expected.
src/templates/controller.template.ts(102,14): error TS1136: Property assignment expected.
src/templates/controller.template.ts(102,25): error TS1128: Declaration or statement expected.
src/templates/controller.template.ts(102,27): error TS1128: Declaration or statement expected.
src/templates/controller.template.ts(102,36): error TS1136: Property assignment expected.
src/templates/controller.template.ts(102,47): error TS1109: Expression expected.
src/templates/controller.template.ts(104,13): error TS1136: Property assignment expected.
src/templates/controller.template.ts(104,24): error TS1005: ')' expected.
src/templates/controller.template.ts(104,25): error TS1109: Expression expected.
src/templates/controller.template.ts(115,5): error TS1109: Expression expected.
src/templates/controller.template.ts(115,7): error TS1005: 'try' expected.
src/templates/controller.template.ts(118,3): error TS1109: Expression expected.
src/templates/controller.template.ts(119,1): error TS1109: Expression expected.
src/templates/model.template.ts(6,20): error TS1131: Property or signature expected.
src/templates/model.template.ts(6,31): error TS1128: Declaration or statement expected.
src/templates/model.template.ts(9,15): error TS1109: Expression expected.
src/templates/model.template.ts(14,13): error TS1109: Expression expected.
src/templates/model.template.ts(15,13): error TS1109: Expression expected.
src/templates/model.template.ts(21,20): error TS1131: Property or signature expected.
src/templates/model.template.ts(21,31): error TS1128: Declaration or statement expected.
src/templates/model.template.ts(21,32): error TS1434: Unexpected keyword or identifier.
src/templates/model.template.ts(21,41): error TS1128: Declaration or statement expected.
src/templates/model.template.ts(21,60): error TS1005: ';' expected.
src/templates/model.template.ts(28,20): error TS1131: Property or signature expected.
src/templates/model.template.ts(28,31): error TS1128: Declaration or statement expected.
src/templates/model.template.ts(28,32): error TS1434: Unexpected keyword or identifier.
src/templates/model.template.ts(28,38): error TS1128: Declaration or statement expected.
src/templates/model.template.ts(28,62): error TS1005: ';' expected.
src/templates/model.template.ts(35,8): error TS1180: Property destructuring pattern expected.
src/templates/model.template.ts(35,19): error TS1128: Declaration or statement expected.
src/templates/model.template.ts(48,15): error TS1180: Property destructuring pattern expected.
src/templates/model.template.ts(48,26): error TS1128: Declaration or statement expected.
src/templates/model.template.ts(48,51): error TS1005: ';' expected.
src/templates/model.template.ts(48,75): error TS1005: ';' expected.
src/templates/model.template.ts(50,4): error TS1136: Property assignment expected.
src/templates/model.template.ts(50,15): error TS1128: Declaration or statement expected.
src/templates/model.template.ts(51,1): error TS1128: Declaration or statement expected.
src/templates/service.template.ts(3,10): error TS1003: Identifier expected.
src/templates/service.template.ts(3,11): error TS1136: Property assignment expected.
src/templates/service.template.ts(3,22): error TS1128: Declaration or statement expected.
src/templates/service.template.ts(3,31): error TS1005: ';' expected.
src/templates/service.template.ts(3,44): error TS1128: Declaration or statement expected.
src/templates/service.template.ts(3,46): error TS1434: Unexpected keyword or identifier.
src/templates/service.template.ts(3,69): error TS1128: Declaration or statement expected.
src/templates/service.template.ts(3,71): error TS1434: Unexpected keyword or identifier.
src/templates/service.template.ts(10,15): error TS1068: Unexpected token. A constructor, method, accessor, or property was expected.
src/templates/service.template.ts(10,26): error TS1128: Declaration or statement expected.
src/templates/service.template.ts(10,27): error TS1434: Unexpected keyword or identifier.
src/templates/service.template.ts(14,3): error TS1434: Unexpected keyword or identifier.
src/templates/service.template.ts(14,17): error TS1005: ';' expected.
src/templates/service.template.ts(14,35): error TS1005: ';' expected.
src/templates/service.template.ts(14,57): error TS1011: An element access expression should take an argument.
src/templates/service.template.ts(15,9): error TS1005: ':' expected.
src/templates/service.template.ts(16,13): error TS1005: ':' expected.
src/templates/service.template.ts(16,14): error TS1136: Property assignment expected.
src/templates/service.template.ts(16,33): error TS2809: Declaration or statement expected. This '=' follows a block of statements, so if you intended to write a destructuring assignment, you might need to wrap the whole assignment in parentheses.
src/templates/service.template.ts(16,42): error TS1136: Property assignment expected.
src/templates/service.template.ts(16,53): error TS1109: Expression expected.
src/templates/service.template.ts(17,23): error TS1136: Property assignment expected.
src/templates/service.template.ts(17,40): error TS1005: ',' expected.
src/templates/service.template.ts(18,5): error TS1109: Expression expected.
src/templates/service.template.ts(18,7): error TS1005: 'try' expected.
src/templates/service.template.ts(21,3): error TS1109: Expression expected.
src/templates/service.template.ts(26,3): error TS1434: Unexpected keyword or identifier.
src/templates/service.template.ts(26,19): error TS1005: ',' expected.
src/templates/service.template.ts(26,36): error TS1005: ';' expected.
src/templates/service.template.ts(26,54): error TS1005: ';' expected.
src/templates/service.template.ts(27,9): error TS1005: ':' expected.
src/templates/service.template.ts(28,13): error TS1005: ':' expected.
src/templates/service.template.ts(28,14): error TS1136: Property assignment expected.
src/templates/service.template.ts(28,36): error TS1136: Property assignment expected.
src/templates/service.template.ts(28,48): error TS1005: ';' expected.
src/templates/service.template.ts(29,23): error TS1136: Property assignment expected.
src/templates/service.template.ts(29,34): error TS1005: ',' expected.
src/templates/service.template.ts(30,5): error TS1109: Expression expected.
src/templates/service.template.ts(30,7): error TS1005: 'try' expected.
src/templates/service.template.ts(33,3): error TS1109: Expression expected.
src/templates/service.template.ts(38,3): error TS1434: Unexpected keyword or identifier.
src/templates/service.template.ts(38,20): error TS1005: ',' expected.
src/templates/service.template.ts(38,23): error TS1005: ',' expected.
src/templates/service.template.ts(38,24): error TS1136: Property assignment expected.
src/templates/service.template.ts(38,35): error TS1005: ',' expected.
src/templates/service.template.ts(38,37): error TS1005: ';' expected.
src/templates/service.template.ts(38,55): error TS1005: ';' expected.
src/templates/service.template.ts(39,9): error TS1005: ':' expected.
src/templates/service.template.ts(40,13): error TS1005: ':' expected.
src/templates/service.template.ts(40,14): error TS1136: Property assignment expected.
src/templates/service.template.ts(40,34): error TS1136: Property assignment expected.
src/templates/service.template.ts(40,46): error TS1005: ';' expected.
src/templates/service.template.ts(41,29): error TS1136: Property assignment expected.
src/templates/service.template.ts(41,40): error TS1109: Expression expected.
src/templates/service.template.ts(41,41): error TS1109: Expression expected.
src/templates/service.template.ts(43,5): error TS1109: Expression expected.
src/templates/service.template.ts(43,7): error TS1005: 'try' expected.
src/templates/service.template.ts(46,3): error TS1109: Expression expected.
src/templates/service.template.ts(51,3): error TS1434: Unexpected keyword or identifier.
src/templates/service.template.ts(51,18): error TS1005: ',' expected.
src/templates/service.template.ts(51,43): error TS1005: ',' expected.
src/templates/service.template.ts(51,54): error TS1005: ',' expected.
src/templates/service.template.ts(51,55): error TS1136: Property assignment expected.
src/templates/service.template.ts(51,66): error TS1005: ',' expected.
src/templates/service.template.ts(51,67): error TS1109: Expression expected.
src/templates/service.template.ts(51,68): error TS1109: Expression expected.
src/templates/service.template.ts(51,69): error TS1005: ';' expected.
src/templates/service.template.ts(51,87): error TS1005: ';' expected.
src/templates/service.template.ts(52,9): error TS1005: ':' expected.
src/templates/service.template.ts(53,13): error TS1005: ':' expected.
src/templates/service.template.ts(53,14): error TS1136: Property assignment expected.
src/templates/service.template.ts(53,36): error TS1136: Property assignment expected.
src/templates/service.template.ts(53,48): error TS1005: ';' expected.
src/templates/service.template.ts(58,23): error TS1136: Property assignment expected.
src/templates/service.template.ts(58,34): error TS1005: ',' expected.
src/templates/service.template.ts(59,5): error TS1109: Expression expected.
src/templates/service.template.ts(59,7): error TS1005: 'try' expected.
src/templates/service.template.ts(62,3): error TS1109: Expression expected.
src/templates/service.template.ts(67,3): error TS1434: Unexpected keyword or identifier.
src/templates/service.template.ts(67,18): error TS1005: ')' expected.
src/templates/service.template.ts(67,34): error TS1005: ';' expected.
src/templates/service.template.ts(67,35): error TS1109: Expression expected.
src/templates/service.template.ts(67,53): error TS1005: ';' expected.
src/templates/service.template.ts(68,9): error TS1005: ':' expected.
src/templates/service.template.ts(69,13): error TS1005: ':' expected.
src/templates/service.template.ts(69,14): error TS1136: Property assignment expected.
src/templates/service.template.ts(69,36): error TS1136: Property assignment expected.
src/templates/service.template.ts(69,48): error TS1005: ';' expected.
src/templates/service.template.ts(70,23): error TS1136: Property assignment expected.
src/templates/service.template.ts(70,34): error TS1005: ',' expected.
src/templates/service.template.ts(71,5): error TS1109: Expression expected.
src/templates/service.template.ts(71,7): error TS1005: 'try' expected.
src/templates/service.template.ts(74,3): error TS1109: Expression expected.
src/templates/service.template.ts(75,1): error TS1109: Expression expected.
